PRT1
326
911
4 0 117 (336 -80 1392 ) (-624 -80 1392 ) (-624 -80 336 ) (336 -80 336 ) 
4 0 46 (-624 992 336 ) (-624 -80 336 ) (-624 -80 1392 ) (-624 992 1392 ) 
4 0 23 (-624 272 336 ) (-624 288 336 ) (-112 288 336 ) (-112 272 336 ) 
4 0 22 (64 -80 336 ) (-112 -80 336 ) (-112 288 336 ) (64 288 336 ) 
4 0 18 (-624 288 336 ) (-624 416 336 ) (-240 416 336 ) (-240 288 336 ) 
4 0 17 (-240 416 336 ) (64 416 336 ) (64 288 336 ) (-240 288 336 ) 
4 0 16 (336 -80 336 ) (64 -80 336 ) (64 416 336 ) (336 416 336 ) 
4 0 6 (-624 416 336 ) (-624 912 336 ) (-240 912 336 ) (-240 416 336 ) 
4 0 2 (-240 912 336 ) (336 912 336 ) (336 416 336 ) (-240 416 336 ) 
4 0 1 (-624 912 336 ) (-624 992 336 ) (336 992 336 ) (336 912 336 ) 
4 1 47 (-624 992 -288 ) (-624 912 -288 ) (-624 912 336 ) (-624 992 336 ) 
4 1 7 (-624 912 144 ) (-624 912 -32 ) (-240 912 -32 ) (-240 912 144 ) 
4 1 6 (-624 912 336 ) (-624 912 176 ) (-240 912 176 ) (-240 912 336 ) 
4 1 15 (-624 912 -32 ) (-624 912 -288 ) (-240 912 -288 ) (-240 912 -32 ) 
4 1 4 (166.627417 912 144 ) (-240 912 144 ) (-240 912 -16 ) (166.627417 912 -16 ) 
4 1 3 (336 912 -16 ) (336 912 144 ) (166.627417 912 144 ) (166.627417 912 -16 ) 
4 1 2 (336 912 144 ) (336 912 336 ) (-240 912 336 ) (-240 912 144 ) 
4 1 5 (-240 912 -288 ) (336 912 -288 ) (336 912 -16 ) (-240 912 -16 ) 
4 2 17 (64 416 336 ) (-240 416 336 ) (-240 416 144 ) (64 416 144 ) 
4 2 16 (336 416 336 ) (64 416 336 ) (64 416 144 ) (336 416 144 ) 
4 2 6 (-240 912 336 ) (-240 912 176 ) (-240 416 176 ) (-240 416 336 ) 
4 2 4 (-240 518.627417 144 ) (-240 912 144 ) (166.627417 912 144 ) (-233.372583 512 144 ) 
5 2 3 (336 416 144 ) (-240 416 144 ) (-240 505.372583 144 ) (166.627417 912 144 ) (336 912 144 ) 
4 3 19 (-240 416 144 ) (-240 416 -16 ) (64 416 -16 ) (64 416 144 ) 
4 3 16 (64 416 -16 ) (336 416 -16 ) (336 416 144 ) (64 416 144 ) 
4 3 4 (166.627417 912 144 ) (166.627417 912 -16 ) (-233.372583 512 -16 ) (-233.372583 512 144 ) 
5 3 5 (166.627417 912 -16 ) (336 912 -16 ) (336 416 -16 ) (-240 416 -16 ) (-240 505.372583 -16 ) 
4 4 9 (-240 720 -16 ) (-240 528 -16 ) (-240 528 144 ) (-240 720 144 ) 
4 4 8 (-240 784 -16 ) (-240 720 -16 ) (-240 720 144 ) (-240 784 144 ) 
4 4 7 (-240 912 144 ) (-240 912 -16 ) (-240 784 -16 ) (-240 784 144 ) 
4 4 5 (-240 912 -16 ) (166.627417 912 -16 ) (-233.372583 512 -16 ) (-240 518.627417 -16 ) 
4 5 45 (-240 416 -144 ) (-240 416 -288 ) (336 416 -288 ) (336 416 -144 ) 
4 5 19 (-240 416 -16 ) (-240 416 -144 ) (64 416 -144 ) (64 416 -16 ) 
4 5 16 (64 416 -144 ) (336 416 -144 ) (336 416 -16 ) (64 416 -16 ) 
4 5 7 (-240 912 -16 ) (-240 912 -32 ) (-240 784 -32 ) (-240 784 -16 ) 
4 5 15 (-240 912 -32 ) (-240 912 -288 ) (-240 416 -288 ) (-240 416 -32 ) 
4 6 67 (-624 416 176 ) (-624 416 320 ) (-624 464 320 ) (-624 464 176 ) 
4 6 65 (-624 416 320 ) (-624 416 336 ) (-624 464 336 ) (-624 464 320 ) 
4 6 48 (-624 464 336 ) (-624 912 336 ) (-624 912 176 ) (-624 464 176 ) 
4 6 18 (-240 416 336 ) (-624 416 336 ) (-624 416 176 ) (-240 416 176 ) 
4 7 57 (-624 896 -16 ) (-624 896 -32 ) (-624 784 -32 ) (-624 784 -16 ) 
4 7 51 (-624 784 144 ) (-624 896 144 ) (-624 896 -16 ) (-624 784 -16 ) 
4 7 50 (-624 896 144 ) (-624 912 144 ) (-624 912 -32 ) (-624 896 -32 ) 
4 7 8 (-240 784 -16 ) (-240 784 144 ) (-624 784 144 ) (-624 784 -16 ) 
4 7 15 (-624 784 -32 ) (-624 912 -32 ) (-240 912 -32 ) (-240 784 -32 ) 
4 8 51 (-624 720 144 ) (-624 784 144 ) (-624 784 -16 ) (-624 720 -16 ) 
4 8 9 (-240 720 -16 ) (-240 720 144 ) (-432 720 144 ) (-432 720 -16 ) 
4 10 14 (-447.195959 703.195959 -16 ) (-496 654.391919 -16 ) (-496 654.391919 144 ) (-447.195959 703.195959 144 ) 
4 10 12 (-496 528 144 ) (-496 528 16 ) (-368 528 16 ) (-368 528 144 ) 
4 10 11 (-368 528 -16 ) (-272 528 -16 ) (-272 528 144 ) (-368 528 144 ) 
4 10 13 (-496 654.391919 -16 ) (-496 528 -16 ) (-496 528 144 ) (-496 654.391919 144 ) 
4 11 20 (-368 416 -16 ) (-256 416 -16 ) (-256 416 144 ) (-368 416 144 ) 
4 11 12 (-368 416 16 ) (-368 416 144 ) (-368 528 144 ) (-368 528 16 ) 
4 12 20 (-368 416 16 ) (-368 416 144 ) (-496 416 144 ) (-496 416 16 ) 
4 12 13 (-496 416 16 ) (-496 416 144 ) (-496 528 144 ) (-496 528 16 ) 
4 13 70 (-624 416 -16 ) (-624 416 144 ) (-624 464 144 ) (-624 464 -16 ) 
4 13 54 (-624 464 144 ) (-624 526.391919 144 ) (-624 526.391919 -16 ) (-624 464 -16 ) 
4 13 20 (-624 416 144 ) (-624 416 -16 ) (-496 416 -16 ) (-496 416 144 ) 
4 13 14 (-496 654.391919 -16 ) (-624 526.391919 -16 ) (-624 526.391919 144 ) (-496 654.391919 144 ) 
4 14 54 (-624 526.391919 144 ) (-624 544 144 ) (-624 544 -16 ) (-624 526.391919 -16 ) 
4 14 53 (-624 544 144 ) (-624 704 144 ) (-624 704 -16 ) (-624 544 -16 ) 
4 15 116 (-624 464 -288 ) (-624 416 -288 ) (-624 416 -144 ) (-624 464 -144 ) 
4 15 74 (-624 416 -144 ) (-624 416 -32 ) (-624 464 -32 ) (-624 464 -144 ) 
4 15 63 (-624 912 -288 ) (-624 464 -288 ) (-624 464 -32 ) (-624 912 -32 ) 
4 15 45 (-624 416 -144 ) (-624 416 -288 ) (-240 416 -288 ) (-240 416 -144 ) 
4 15 21 (-624 416 -32 ) (-624 416 -144 ) (-240 416 -144 ) (-240 416 -32 ) 
4 16 118 (336 -80 -144 ) (336 -80 336 ) (64 -80 336 ) (64 -80 -144 ) 
4 16 45 (336 -80 -144 ) (64 -80 -144 ) (64 416 -144 ) (336 416 -144 ) 
4 16 25 (64 -80 176 ) (64 -80 320 ) (64 272 320 ) (64 272 176 ) 
4 16 24 (64 272 320 ) (64 288 320 ) (64 288 144 ) (64 272 144 ) 
4 16 26 (64 288 -144 ) (64 -80 -144 ) (64 -80 144 ) (64 288 144 ) 
4 16 22 (64 -80 320 ) (64 -80 336 ) (64 288 336 ) (64 288 320 ) 
4 16 19 (64 416 144 ) (64 416 -144 ) (64 288 -144 ) (64 288 144 ) 
4 16 17 (64 416 336 ) (64 416 144 ) (64 288 144 ) (64 288 336 ) 
4 17 24 (64 288 144 ) (64 288 320 ) (-240 288 320 ) (-240 288 144 ) 
4 17 23 (-112 288 336 ) (-240 288 336 ) (-240 288 320 ) (-112 288 320 ) 
4 17 22 (64 288 320 ) (64 288 336 ) (-112 288 336 ) (-112 288 320 ) 
4 17 19 (-240 416 144 ) (64 416 144 ) (64 288 144 ) (-240 288 144 ) 
4 17 18 (-240 288 176 ) (-240 288 336 ) (-240 416 336 ) (-240 416 176 ) 
4 18 67 (-624 416 320 ) (-624 416 176 ) (-624 288 176 ) (-624 288 320 ) 
4 18 65 (-624 288 336 ) (-624 416 336 ) (-624 416 320 ) (-624 288 320 ) 
4 18 23 (-240 288 336 ) (-624 288 336 ) (-624 288 320 ) (-240 288 320 ) 
4 19 45 (-240 416 -144 ) (64 416 -144 ) (64 288 -144 ) (-240 288 -144 ) 
4 19 26 (-240 288 -144 ) (64 288 -144 ) (64 288 144 ) (-240 288 144 ) 
4 19 21 (-240 416 -144 ) (-240 288 -144 ) (-240 288 -32 ) (-240 416 -32 ) 
4 20 70 (-624 416 144 ) (-624 416 -16 ) (-624 288 -16 ) (-624 288 144 ) 
4 20 40 (-400 288 144 ) (-528 288 144 ) (-528 288 -16 ) (-400 288 -16 ) 
4 21 74 (-624 416 -32 ) (-624 416 -144 ) (-624 288 -144 ) (-624 288 -32 ) 
4 21 45 (-624 288 -144 ) (-624 416 -144 ) (-240 416 -144 ) (-240 288 -144 ) 
4 22 119 (64 -80 336 ) (-112 -80 336 ) (-112 -80 320 ) (64 -80 320 ) 
4 22 25 (64 272 320 ) (64 -80 320 ) (-112 -80 320 ) (-112 272 320 ) 
4 22 24 (-112 288 320 ) (64 288 320 ) (64 272 320 ) (-112 272 320 ) 
4 22 23 (-112 272 336 ) (-112 288 336 ) (-112 288 320 ) (-112 272 320 ) 
4 23 65 (-624 272 336 ) (-624 288 336 ) (-624 288 320 ) (-624 272 320 ) 
4 23 24 (-240 288 320 ) (-112 288 320 ) (-112 272 320 ) (-240 272 320 ) 
4 24 25 (-240 272 320 ) (-240 272 176 ) (64 272 176 ) (64 272 320 ) 
4 24 26 (-240 272 144 ) (-240 288 144 ) (64 288 144 ) (64 272 144 ) 
4 25 120 (-112 -80 320 ) (-240 -80 320 ) (-240 -80 176 ) (-112 -80 176 ) 
4 25 119 (64 -80 176 ) (64 -80 320 ) (-112 -80 320 ) (-112 -80 176 ) 
4 26 155 (-240 -80 -144 ) (-104 -80 -144 ) (-104 -80 -32 ) (-240 -80 -32 ) 
4 26 154 (-104 -80 -32 ) (-104 -80 -16 ) (-240 -80 -16 ) (-240 -80 -32 ) 
4 26 152 (-104 -80 -144 ) (-96 -80 -144 ) (-96 -80 -16 ) (-104 -80 -16 ) 
4 26 141 (-96 -80 -16 ) (-96 -80 144 ) (-240 -80 144 ) (-240 -80 -16 ) 
4 26 135 (-96 -80 -144 ) (48 -80 -144 ) (48 -80 -16 ) (-96 -80 -16 ) 
4 26 133 (48 -80 -144 ) (64 -80 -144 ) (64 -80 -16 ) (48 -80 -16 ) 
4 26 45 (64 -80 -144 ) (-240 -80 -144 ) (-240 288 -144 ) (64 288 -144 ) 
4 27 80 (-624 272 176 ) (-624 272 160 ) (-624 240 160 ) (-624 240 176 ) 
4 27 77 (-624 272 192 ) (-624 272 176 ) (-624 240 176 ) (-624 240 192 ) 
4 27 76 (-624 240 320 ) (-624 272 320 ) (-624 272 192 ) (-624 240 192 ) 
4 27 42 (-528 240 160 ) (-624 240 160 ) (-624 272 160 ) (-528 272 160 ) 
4 27 40 (-400 240 160 ) (-528 240 160 ) (-528 272 160 ) (-400 272 160 ) 
4 27 36 (-304 240 160 ) (-400 240 160 ) (-400 272 160 ) (-304 272 160 ) 
4 27 35 (-256 272 160 ) (-256 240 160 ) (-304 240 160 ) (-304 272 160 ) 
4 27 30 (-624 240 176 ) (-624 240 160 ) (-480 240 160 ) (-480 240 176 ) 
4 27 29 (-624 240 320 ) (-624 240 192 ) (-480 240 192 ) (-480 240 320 ) 
4 27 28 (-480 240 160 ) (-256 240 160 ) (-256 240 320 ) (-480 240 320 ) 
4 28 40 (-400 160 160 ) (-480 160 160 ) (-480 240 160 ) (-400 240 160 ) 
4 28 36 (-304 160 160 ) (-400 160 160 ) (-400 240 160 ) (-304 240 160 ) 
4 28 35 (-256 240 160 ) (-256 160 160 ) (-304 160 160 ) (-304 240 160 ) 
4 28 31 (-256 160 160 ) (-256 160 320 ) (-480 160 320 ) (-480 160 160 ) 
4 28 30 (-480 240 176 ) (-480 240 160 ) (-480 160 160 ) (-480 160 176 ) 
4 28 29 (-480 240 320 ) (-480 240 192 ) (-480 160 192 ) (-480 160 320 ) 
4 29 76 (-624 160 320 ) (-624 240 320 ) (-624 240 192 ) (-624 160 192 ) 
4 29 32 (-480 160 320 ) (-560 160 320 ) (-560 160 192 ) (-480 160 192 ) 
4 29 34 (-560 160 320 ) (-624 160 320 ) (-624 160 192 ) (-560 160 192 ) 
4 30 80 (-624 240 176 ) (-624 240 160 ) (-624 160 160 ) (-624 160 176 ) 
4 30 42 (-528 160 160 ) (-624 160 160 ) (-624 240 160 ) (-528 240 160 ) 
4 30 40 (-480 160 160 ) (-528 160 160 ) (-528 240 160 ) (-480 240 160 ) 
4 30 33 (-560 160 160 ) (-480 160 160 ) (-480 160 176 ) (-560 160 176 ) 
4 30 34 (-624 160 176 ) (-624 160 160 ) (-560 160 160 ) (-560 160 176 ) 
4 31 123 (-480 -80 160 ) (-368 -80 160 ) (-368 -80 176 ) (-480 -80 176 ) 
4 31 122 (-368 -80 160 ) (-256 -80 160 ) (-256 -80 192 ) (-368 -80 192 ) 
4 31 121 (-256 -80 192 ) (-256 -80 320 ) (-480 -80 320 ) (-480 -80 192 ) 
4 31 40 (-400 -80 160 ) (-480 -80 160 ) (-480 160 160 ) (-400 160 160 ) 
4 31 36 (-304 -80 160 ) (-400 -80 160 ) (-400 160 160 ) (-304 160 160 ) 
4 31 35 (-256 160 160 ) (-256 -80 160 ) (-304 -80 160 ) (-304 160 160 ) 
4 31 33 (-480 160 176 ) (-480 160 160 ) (-480 -80 160 ) (-480 -80 176 ) 
4 31 32 (-480 160 320 ) (-480 160 192 ) (-480 -80 192 ) (-480 -80 320 ) 
4 32 121 (-480 -80 192 ) (-480 -80 320 ) (-560 -80 320 ) (-560 -80 192 ) 
4 32 34 (-560 -80 192 ) (-560 -80 320 ) (-560 160 320 ) (-560 160 192 ) 
4 33 126 (-560 -80 160 ) (-512 -80 160 ) (-512 -80 176 ) (-560 -80 176 ) 
4 33 123 (-512 -80 160 ) (-480 -80 160 ) (-480 -80 176 ) (-512 -80 176 ) 
4 33 42 (-528 -80 160 ) (-560 -80 160 ) (-560 160 160 ) (-528 160 160 ) 
4 33 40 (-480 -80 160 ) (-528 -80 160 ) (-528 160 160 ) (-480 160 160 ) 
4 33 34 (-560 160 160 ) (-560 -80 160 ) (-560 -80 176 ) (-560 160 176 ) 
4 34 127 (-624 -80 192 ) (-624 -80 160 ) (-560 -80 160 ) (-560 -80 192 ) 
4 34 121 (-624 -80 320 ) (-624 -80 192 ) (-560 -80 192 ) (-560 -80 320 ) 
4 34 80 (-624 -80 160 ) (-624 -80 176 ) (-624 160 176 ) (-624 160 160 ) 
4 34 79 (-624 -80 176 ) (-624 -80 320 ) (-624 128 320 ) (-624 128 176 ) 
4 34 78 (-624 160 192 ) (-624 160 176 ) (-624 128 176 ) (-624 128 192 ) 
4 34 76 (-624 128 320 ) (-624 160 320 ) (-624 160 192 ) (-624 128 192 ) 
4 34 42 (-560 -80 160 ) (-624 -80 160 ) (-624 160 160 ) (-560 160 160 ) 
4 35 158 (-256 -80 -64 ) (-256 -80 -16 ) (-304 -80 -16 ) (-304 -80 -64 ) 
4 35 147 (-256 -80 -16 ) (-256 -80 160 ) (-304 -80 160 ) (-304 -80 -16 ) 
4 35 38 (-256 -80 -64 ) (-304 -80 -64 ) (-304 48 -64 ) (-256 48 -64 ) 
4 35 37 (-304 48 -64 ) (-304 272 -64 ) (-256 272 -64 ) (-256 48 -64 ) 
5 35 36 (-304 272 160 ) (-304 272 -64 ) (-304 -69 -64 ) (-304 -80 -58.197802 ) (-304 -80 160 ) 
4 36 162 (-400 -80 -16 ) (-400 -80 -58.197802 ) (-304 -80 -58.197802 ) (-304 -80 -16 ) 
4 36 147 (-304 -80 160 ) (-400 -80 160 ) (-400 -80 -16 ) (-304 -80 -16 ) 
4 36 40 (-400 -80 -16 ) (-400 -80 160 ) (-400 272 160 ) (-400 272 -16 ) 
4 36 39 (-400 -69 -64 ) (-400 48 -64 ) (-304 48 -64 ) (-304 -69 -64 ) 
4 36 37 (-400 48 -64 ) (-400 272 -64 ) (-304 272 -64 ) (-304 48 -64 ) 
4 37 39 (-304 48 -64 ) (-400 48 -64 ) (-400 48 -125.714286 ) (-304 48 -125.714286 ) 
4 37 38 (-256 48 -128 ) (-256 48 -64 ) (-304 48 -64 ) (-304 48 -128 ) 
4 38 160 (-256 -80 -128 ) (-256 -80 -64 ) (-304 -80 -64 ) (-304 -80 -128 ) 
3 38 39 (-304 48 -64 ) (-304 48 -125.714286 ) (-304 -69 -64 ) 
4 40 148 (-424 -80 160 ) (-488 -80 160 ) (-488 -80 -16 ) (-424 -80 -16 ) 
4 40 150 (-488 -80 160 ) (-528 -80 160 ) (-528 -80 -16 ) (-488 -80 -16 ) 
4 40 147 (-400 -80 -16 ) (-400 -80 160 ) (-424 -80 160 ) (-424 -80 -16 ) 
4 40 42 (-528 272 -16 ) (-528 -80 -16 ) (-528 -80 160 ) (-528 272 160 ) 
4 41 163 (-512 -80 -144 ) (-416 -80 -144 ) (-416 -80 -32 ) (-512 -80 -32 ) 
4 41 45 (-416 -80 -144 ) (-512 -80 -144 ) (-512 272 -144 ) (-416 272 -144 ) 
4 42 164 (-624 -80 -16 ) (-624 -80 -58.197802 ) (-528 -80 -58.197802 ) (-528 -80 -16 ) 
4 42 150 (-624 -80 160 ) (-624 -80 -16 ) (-528 -80 -16 ) (-528 -80 160 ) 
5 42 80 (-624 -80 -58.197802 ) (-624 -80 160 ) (-624 272 160 ) (-624 272 -64 ) (-624 -69 -64 ) 
4 42 44 (-624 -69 -64 ) (-624 48 -64 ) (-528 48 -64 ) (-528 -69 -64 ) 
4 42 43 (-624 48 -64 ) (-624 272 -64 ) (-528 272 -64 ) (-528 48 -64 ) 
4 43 81 (-624 48 -64 ) (-624 272 -64 ) (-624 272 -128 ) (-624 48 -128 ) 
4 43 44 (-528 48 -125.714286 ) (-528 48 -64 ) (-624 48 -64 ) (-624 48 -125.714286 ) 
3 44 81 (-624 -69 -64 ) (-624 48 -64 ) (-624 48 -125.714286 ) 
4 45 188 (336 -80 -288 ) (336 -80 -144 ) (-624 -80 -144 ) (-624 -80 -288 ) 
4 45 116 (-624 -80 -288 ) (-624 -80 -144 ) (-624 416 -144 ) (-624 416 -288 ) 
4 46 243 (-624 -80 336 ) (-624 -80 1392 ) (-1600 -80 1392 ) (-1600 -80 336 ) 
4 46 66 (-848 -80 336 ) (-1536 -80 336 ) (-1536 272 336 ) (-848 272 336 ) 
4 46 65 (-624 464 336 ) (-624 272 336 ) (-1536 272 336 ) (-1536 464 336 ) 
4 46 115 (-1536 -80 336 ) (-1600 -80 336 ) (-1600 464 336 ) (-1536 464 336 ) 
4 46 49 (-848 464 336 ) (-1488 464 336 ) (-1488 912 336 ) (-848 912 336 ) 
4 46 48 (-624 912 336 ) (-624 464 336 ) (-848 464 336 ) (-848 912 336 ) 
4 46 64 (-1488 464 336 ) (-1600 464 336 ) (-1600 912 336 ) (-1488 912 336 ) 
4 46 47 (-624 992 336 ) (-624 912 336 ) (-1600 912 336 ) (-1600 992 336 ) 
4 47 58 (-1216 912 144 ) (-1488 912 144 ) (-1488 912 -32 ) (-1216 912 -32 ) 
4 47 50 (-624 912 -32 ) (-624 912 144 ) (-688 912 144 ) (-688 912 -32 ) 
4 47 49 (-848 912 336 ) (-1488 912 336 ) (-1488 912 160 ) (-848 912 160 ) 
4 47 48 (-624 912 176 ) (-624 912 336 ) (-848 912 336 ) (-848 912 176 ) 
4 47 63 (-1488 912 -288 ) (-624 912 -288 ) (-624 912 -32 ) (-1488 912 -32 ) 
4 47 64 (-1600 912 336 ) (-1600 912 -288 ) (-1488 912 -288 ) (-1488 912 336 ) 
4 48 69 (-848 464 320 ) (-848 464 176 ) (-800 464 176 ) (-800 464 320 ) 
4 48 67 (-800 464 176 ) (-624 464 176 ) (-624 464 320 ) (-800 464 320 ) 
4 48 65 (-624 464 336 ) (-848 464 336 ) (-848 464 320 ) (-624 464 320 ) 
4 48 49 (-848 464 176 ) (-848 464 336 ) (-848 912 336 ) (-848 912 176 ) 
4 49 85 (-1488 464 320 ) (-1488 464 160 ) (-848 464 160 ) (-848 464 320 ) 
4 49 65 (-848 464 336 ) (-1488 464 336 ) (-1488 464 320 ) (-848 464 320 ) 
4 49 64 (-1488 912 336 ) (-1488 912 160 ) (-1488 464 160 ) (-1488 464 336 ) 
4 50 57 (-688 896 -32 ) (-624 896 -32 ) (-624 896 -16 ) (-688 896 -16 ) 
4 50 51 (-624 896 -16 ) (-624 896 144 ) (-672 896 144 ) (-672 896 -16 ) 
4 50 63 (-688 912 -32 ) (-624 912 -32 ) (-624 896 -32 ) (-688 896 -32 ) 
4 51 57 (-672 896 -16 ) (-624 896 -16 ) (-624 784 -16 ) (-672 784 -16 ) 
4 52 55 (-1053.971831 704 144 ) (-1053.971831 704 -16 ) (-704 704 -16 ) (-704 704 144 ) 
4 53 55 (-688 704 144 ) (-688 704 -16 ) (-688 544 -16 ) (-688 544 144 ) 
4 53 54 (-672 544 -16 ) (-624 544 -16 ) (-624 544 144 ) (-672 544 144 ) 
4 54 70 (-624 464 -16 ) (-624 464 144 ) (-662.588235 464 144 ) (-662.588235 464 -16 ) 
4 55 56 (-1113.464789 512 144 ) (-1113.464789 512 -16 ) (-1016 512 -16 ) (-1016 512 144 ) 
4 56 90 (-1040 464 144 ) (-1128.338028 464 144 ) (-1128.338028 464 -16 ) (-1040 464 -16 ) 
4 57 63 (-624 896 -32 ) (-624 784 -32 ) (-688 784 -32 ) (-688 896 -32 ) 
4 58 61 (-1216 896 -16 ) (-1216 896 144 ) (-1392 896 144 ) (-1392 896 -16 ) 
4 58 62 (-1488 896 144 ) (-1488 896 -32 ) (-1392 896 -32 ) (-1392 896 144 ) 
4 58 63 (-1488 912 -32 ) (-1216 912 -32 ) (-1216 896 -32 ) (-1488 896 -32 ) 
4 58 64 (-1488 912 144 ) (-1488 912 -32 ) (-1488 896 -32 ) (-1488 896 144 ) 
4 59 91 (-1216 464 -16 ) (-1216 464 144 ) (-1280 464 144 ) (-1280 464 -16 ) 
4 59 60 (-1227.313708 516.686292 144 ) (-1216 528 144 ) (-1216 528 -16 ) (-1227.313708 516.686292 -16 ) 
4 60 61 (-1216 550.627417 144 ) (-1216 550.627417 -16 ) (-1238.627417 528 -16 ) (-1238.627417 528 144 ) 
4 61 108 (-1302.627417 464 144 ) (-1392 464 144 ) (-1392 464 -16 ) (-1302.627417 464 -16 ) 
4 61 62 (-1392 464 -16 ) (-1392 464 144 ) (-1392 896 144 ) (-1392 896 -16 ) 
4 62 113 (-1488 464 -16 ) (-1488 464 -32 ) (-1392 464 -32 ) (-1392 464 -16 ) 
4 62 108 (-1488 464 144 ) (-1488 464 -16 ) (-1392 464 -16 ) (-1392 464 144 ) 
4 62 64 (-1488 896 -32 ) (-1488 464 -32 ) (-1488 464 144 ) (-1488 896 144 ) 
4 62 63 (-1392 464 -32 ) (-1488 464 -32 ) (-1488 896 -32 ) (-1392 896 -32 ) 
4 63 116 (-1488 464 -144 ) (-1488 464 -288 ) (-624 464 -288 ) (-624 464 -144 ) 
4 63 112 (-1392 464 -144 ) (-848 464 -144 ) (-848 464 -32 ) (-1392 464 -32 ) 
4 63 113 (-1488 464 -32 ) (-1488 464 -144 ) (-1392 464 -144 ) (-1392 464 -32 ) 
4 63 75 (-848 464 -144 ) (-688 464 -144 ) (-688 464 -32 ) (-848 464 -32 ) 
4 63 74 (-688 464 -144 ) (-624 464 -144 ) (-624 464 -32 ) (-688 464 -32 ) 
4 63 64 (-1488 912 -32 ) (-1488 912 -288 ) (-1488 464 -288 ) (-1488 464 -32 ) 
4 64 116 (-1600 464 -144 ) (-1600 464 -288 ) (-1488 464 -288 ) (-1488 464 -144 ) 
4 64 113 (-1536 464 -16 ) (-1536 464 -144 ) (-1488 464 -144 ) (-1488 464 -16 ) 
4 64 111 (-1536 464 144 ) (-1536 464 -16 ) (-1488 464 -16 ) (-1488 464 144 ) 
4 64 86 (-1536 464 320 ) (-1536 464 144 ) (-1488 464 144 ) (-1488 464 320 ) 
4 64 65 (-1488 464 336 ) (-1536 464 336 ) (-1536 464 320 ) (-1488 464 320 ) 
4 64 115 (-1536 464 336 ) (-1600 464 336 ) (-1600 464 -144 ) (-1536 464 -144 ) 
4 65 85 (-1488 464 320 ) (-848 464 320 ) (-848 272 320 ) (-1488 272 320 ) 
4 65 86 (-1536 272 320 ) (-1536 464 320 ) (-1488 464 320 ) (-1488 272 320 ) 
4 65 69 (-848 464 320 ) (-800 464 320 ) (-800 272 320 ) (-848 272 320 ) 
4 65 67 (-800 464 320 ) (-624 464 320 ) (-624 288 320 ) (-800 288 320 ) 
4 65 66 (-1536 272 336 ) (-1536 272 320 ) (-848 272 320 ) (-848 272 336 ) 
4 65 115 (-1536 464 336 ) (-1536 464 320 ) (-1536 272 320 ) (-1536 272 336 ) 
4 66 251 (-848 -80 336 ) (-1488 -80 336 ) (-1488 -80 320 ) (-848 -80 320 ) 
4 66 256 (-1488 -80 336 ) (-1536 -80 336 ) (-1536 -80 320 ) (-1488 -80 320 ) 
4 66 85 (-848 -80 320 ) (-1488 -80 320 ) (-1488 272 320 ) (-848 272 320 ) 
4 66 86 (-1488 -80 320 ) (-1536 -80 320 ) (-1536 272 320 ) (-1488 272 320 ) 
4 66 115 (-1536 272 320 ) (-1536 -80 320 ) (-1536 -80 336 ) (-1536 272 336 ) 
4 67 69 (-800 464 320 ) (-800 464 176 ) (-800 288 176 ) (-800 288 320 ) 
4 67 68 (-800 288 192 ) (-800 288 176 ) (-672 288 176 ) (-672 288 192 ) 
4 68 69 (-800 272 176 ) (-800 272 192 ) (-800 288 192 ) (-800 288 176 ) 
4 69 85 (-848 272 320 ) (-848 464 320 ) (-848 464 176 ) (-848 272 176 ) 
4 70 71 (-656 408 -16 ) (-641.882353 288 -16 ) (-641.882353 288 144 ) (-656 408 144 ) 
4 71 72 (-688 432 -16 ) (-688 288 -16 ) (-688 288 144 ) (-688 432 144 ) 
4 72 88 (-848 336 -16 ) (-848 288 -16 ) (-848 288 144 ) (-848 336 144 ) 
4 72 87 (-848 464 144 ) (-848 464 -16 ) (-848 336 -16 ) (-848 336 144 ) 
4 72 73 (-848 288 -16 ) (-816 288 -16 ) (-816 288 144 ) (-848 288 144 ) 
4 73 88 (-848 288 -16 ) (-848 272 -16 ) (-848 272 144 ) (-848 288 144 ) 
4 74 116 (-688 464 -144 ) (-624 464 -144 ) (-624 288 -144 ) (-688 288 -144 ) 
4 74 75 (-688 464 -32 ) (-688 464 -144 ) (-688 288 -144 ) (-688 288 -32 ) 
4 75 116 (-848 272 -144 ) (-848 464 -144 ) (-688 464 -144 ) (-688 272 -144 ) 
4 75 114 (-848 368 -144 ) (-848 272 -144 ) (-848 272 -32 ) (-848 368 -32 ) 
4 75 112 (-848 464 -32 ) (-848 464 -144 ) (-848 368 -144 ) (-848 368 -32 ) 
4 75 84 (-848 272 -144 ) (-688 272 -144 ) (-688 272 -32 ) (-848 272 -32 ) 
4 76 82 (-688 272 320 ) (-688 272 192 ) (-688 128 192 ) (-688 128 320 ) 
4 76 79 (-672 128 192 ) (-624 128 192 ) (-624 128 320 ) (-672 128 320 ) 
4 76 78 (-672 160 192 ) (-624 160 192 ) (-624 128 192 ) (-672 128 192 ) 
4 76 77 (-672 272 192 ) (-624 272 192 ) (-624 240 192 ) (-672 240 192 ) 
4 77 80 (-672 272 176 ) (-624 272 176 ) (-624 240 176 ) (-672 240 176 ) 
4 78 80 (-672 160 176 ) (-624 160 176 ) (-624 128 176 ) (-672 128 176 ) 
4 78 79 (-672 128 176 ) (-624 128 176 ) (-624 128 192 ) (-672 128 192 ) 
4 79 244 (-624 -80 176 ) (-624 -80 320 ) (-672 -80 320 ) (-672 -80 176 ) 
4 79 80 (-624 -80 176 ) (-672 -80 176 ) (-672 128 176 ) (-624 128 176 ) 
4 80 245 (-624 -80 -64 ) (-624 -80 160 ) (-672 -80 160 ) (-672 -80 -64 ) 
4 80 244 (-624 -80 160 ) (-624 -80 176 ) (-672 -80 176 ) (-672 -80 160 ) 
4 80 81 (-672 272 -64 ) (-624 272 -64 ) (-624 -80 -64 ) (-672 -80 -64 ) 
4 81 249 (-624 -80 -128 ) (-624 -80 -64 ) (-672 -80 -64 ) (-672 -80 -128 ) 
4 82 252 (-688 -80 320 ) (-800 -80 320 ) (-800 -80 192 ) (-688 -80 192 ) 
4 82 83 (-688 128 192 ) (-688 -80 192 ) (-800 -80 192 ) (-800 128 192 ) 
4 83 257 (-800 -80 144 ) (-800 -80 56.800000 ) (-688 -80 56.800000 ) (-688 -80 144 ) 
4 83 252 (-800 -80 192 ) (-800 -80 144 ) (-688 -80 144 ) (-688 -80 192 ) 
4 84 278 (-848 -80 -32 ) (-848 -80 -144 ) (-688 -80 -144 ) (-688 -80 -32 ) 
4 84 116 (-688 -80 -144 ) (-848 -80 -144 ) (-848 272 -144 ) (-688 272 -144 ) 
4 84 114 (-848 -80 -144 ) (-848 -80 -32 ) (-848 272 -32 ) (-848 272 -144 ) 
4 85 255 (-848 -80 320 ) (-1488 -80 320 ) (-1488 -80 160 ) (-848 -80 160 ) 
4 85 86 (-1488 -80 160 ) (-1488 -80 320 ) (-1488 464 320 ) (-1488 464 160 ) 
4 86 256 (-1488 -80 320 ) (-1536 -80 320 ) (-1536 -80 144 ) (-1488 -80 144 ) 
4 86 111 (-1536 464 144 ) (-1488 464 144 ) (-1488 -80 144 ) (-1536 -80 144 ) 
4 86 115 (-1536 464 320 ) (-1536 464 144 ) (-1536 -80 144 ) (-1536 -80 320 ) 
4 87 90 (-1008 464 144 ) (-1008 464 -16 ) (-1008 336 -16 ) (-1008 336 144 ) 
4 87 88 (-944 336 -16 ) (-848 336 -16 ) (-848 336 144 ) (-944 336 144 ) 
4 88 89 (-944 272 -16 ) (-848 272 -16 ) (-848 272 144 ) (-944 272 144 ) 
4 89 260 (-1008 -80 -16 ) (-928 -80 -16 ) (-928 -80 144 ) (-1008 -80 144 ) 
4 89 258 (-928 -80 -16 ) (-848 -80 -16 ) (-848 -80 144 ) (-928 -80 144 ) 
4 89 109 (-1008 -20.207545 -16 ) (-1008 -36.771964 -16 ) (-1008 -36.771964 144 ) (-1008 -20.207545 144 ) 
4 89 110 (-1008 -36.771964 -16 ) (-1008 -80 -16 ) (-1008 -80 144 ) (-1008 -36.771964 144 ) 
4 89 93 (-1008 272 -16 ) (-1008 -20.207545 -16 ) (-1008 -20.207545 144 ) (-1008 272 144 ) 
4 90 93 (-1168 336 -16 ) (-1008 336 -16 ) (-1008 336 144 ) (-1168 336 144 ) 
4 92 97 (-1408 336 -16 ) (-1275.476111 336 -16 ) (-1275.476111 336 144 ) (-1408 336 144 ) 
4 92 95 (-1275.476111 336 -16 ) (-1216 336 -16 ) (-1216 336 144 ) (-1275.476111 336 144 ) 
4 93 109 (-1091.232656 -42.509668 -16 ) (-1008 -20.207545 -16 ) (-1008 -20.207545 144 ) (-1091.232656 -42.509668 144 ) 
4 93 94 (-1192.654016 336 144 ) (-1192.654016 336 -16 ) (-1157.490332 204.767344 -16 ) (-1157.490332 204.767344 144 ) 
4 94 95 (-1209.218435 336 -16 ) (-1172.945145 200.626239 -16 ) (-1172.945145 200.626239 144 ) (-1209.218435 336 144 ) 
4 95 97 (-1275.476111 336 144 ) (-1275.476111 336 -16 ) (-1234.764398 184.061820 -16 ) (-1234.764398 184.061820 144 ) 
4 96 98 (-1230.623293 168.607007 -16 ) (-1168.506723 -63.215192 -16 ) (-1168.506723 -63.215192 144 ) (-1230.623293 168.607007 144 ) 
3 97 104 (-1389.312530 142.650773 32 ) (-1404.767344 138.509668 32 ) (-1404.767344 138.509668 16 ) 
3 97 103 (-1389.312530 142.650773 32 ) (-1404.767344 138.509668 35.198408 ) (-1404.767344 138.509668 32 ) 
4 97 100 (-1312 163.366603 16 ) (-1312 163.366603 48 ) (-1404.767344 138.509668 48 ) (-1404.767344 138.509668 35.198408 ) 
4 97 107 (-1472 120.494732 -16 ) (-1404.767344 138.509668 -16 ) (-1404.767344 138.509668 144 ) (-1472 120.494732 144 ) 
4 97 98 (-1312 163.366603 -16 ) (-1234.764398 184.061820 -16 ) (-1234.764398 184.061820 144 ) (-1312 163.366603 144 ) 
4 98 271 (-1246.790115 -80 -16 ) (-1231.148480 -80 -16 ) (-1231.148480 -80 144 ) (-1246.790115 -80 144 ) 
4 98 106 (-1267.232656 -3.707398 -16 ) (-1246.790115 -80 -16 ) (-1246.790115 -80 144 ) (-1267.232656 -3.707398 144 ) 
4 98 105 (-1287.153372 70.637723 -16 ) (-1267.232656 -3.707398 -16 ) (-1267.232656 -3.707398 144 ) (-1287.153372 70.637723 144 ) 
4 98 102 (-1307.858895 147.911790 -16 ) (-1287.153372 70.637723 -16 ) (-1287.153372 70.637723 16 ) (-1307.858895 147.911790 16 ) 
4 98 100 (-1287.153372 70.637723 16 ) (-1287.153372 70.637723 48 ) (-1312 163.366603 48 ) (-1312 163.366603 16 ) 
4 98 99 (-1287.153372 70.637723 48 ) (-1287.153372 70.637723 144 ) (-1307.858895 147.911790 144 ) (-1307.858895 147.911790 48 ) 
4 99 105 (-1287.153372 70.637723 48 ) (-1287.153372 70.637723 144 ) (-1364.465902 49.921893 144 ) (-1364.465902 49.921893 48 ) 
4 99 100 (-1385.171426 127.195959 48 ) (-1307.858895 147.911790 48 ) (-1287.153372 70.637723 48 ) (-1364.465902 49.921893 48 ) 
4 100 105 (-1287.153372 70.637723 16 ) (-1287.153372 70.637723 48 ) (-1379.920715 45.780789 48 ) (-1379.920715 45.780789 35.198408 ) 
4 100 103 (-1364.465902 49.921893 32 ) (-1379.920715 45.780789 35.198408 ) (-1404.767344 138.509668 35.198408 ) (-1389.312530 142.650773 32 ) 
3 100 101 (-1385.171426 127.195959 32 ) (-1389.312530 142.650773 32 ) (-1307.858895 147.911790 16 ) 
4 100 102 (-1287.153372 70.637723 16 ) (-1364.465902 49.921893 32 ) (-1385.171426 127.195959 32 ) (-1307.858895 147.911790 16 ) 
4 100 107 (-1404.767344 138.509668 48 ) (-1404.767344 138.509668 35.198408 ) (-1379.920715 45.780789 35.198408 ) (-1379.920715 45.780789 48 ) 
3 101 103 (-1389.312530 142.650773 32 ) (-1385.171426 127.195959 29.333333 ) (-1385.171426 127.195959 32 ) 
3 101 102 (-1307.858895 147.911790 16 ) (-1385.171426 127.195959 32 ) (-1385.171426 127.195959 16 ) 
4 102 105 (-1364.465902 49.921893 -16 ) (-1287.153372 70.637723 -16 ) (-1287.153372 70.637723 16 ) (-1364.465902 49.921893 32 ) 
4 102 103 (-1364.465902 49.921893 16 ) (-1364.465902 49.921893 32 ) (-1385.171426 127.195959 32 ) (-1385.171426 127.195959 29.333333 ) 
4 103 105 (-1364.465902 49.921893 16 ) (-1364.465902 49.921893 32 ) (-1379.920715 45.780789 35.198408 ) (-1379.920715 45.780789 16 ) 
3 103 104 (-1404.767344 138.509668 32 ) (-1389.312530 142.650773 32 ) (-1379.920715 45.780789 16 ) 
4 103 107 (-1404.767344 138.509668 35.198408 ) (-1404.767344 138.509668 32 ) (-1379.920715 45.780789 16 ) (-1379.920715 45.780789 35.198408 ) 
3 104 107 (-1404.767344 138.509668 32 ) (-1404.767344 138.509668 16 ) (-1379.920715 45.780789 16 ) 
4 105 106 (-1344.545187 -24.423228 -16 ) (-1267.232656 -3.707398 -16 ) (-1267.232656 -3.707398 144 ) (-1344.545187 -24.423228 144 ) 
4 105 107 (-1379.920715 45.780789 -16 ) (-1360 -28.564333 -16 ) (-1360 -28.564333 144 ) (-1379.920715 45.780789 144 ) 
4 106 271 (-1329.653436 -80 -16 ) (-1246.790115 -80 -16 ) (-1246.790115 -80 144 ) (-1329.653436 -80 144 ) 
4 107 272 (-1472 -80 -16 ) (-1346.217854 -80 -16 ) (-1346.217854 -80 144 ) (-1472 -80 144 ) 
5 108 113 (-1488 368 -16 ) (-1488 464 -16 ) (-1392 464 -16 ) (-1392 374.627417 -16 ) (-1398.627417 368 -16 ) 
4 108 111 (-1488 464 -16 ) (-1488 288 -16 ) (-1488 288 144 ) (-1488 464 144 ) 
4 109 110 (-1087.091552 -57.964481 -16 ) (-1008 -36.771964 -16 ) (-1008 -36.771964 144 ) (-1087.091552 -57.964481 144 ) 
4 110 274 (-1169.329227 -80 -16 ) (-1120 -80 -16 ) (-1120 -80 144 ) (-1169.329227 -80 144 ) 
4 110 260 (-1120 -80 -16 ) (-1008 -80 -16 ) (-1008 -80 144 ) (-1120 -80 144 ) 
4 111 275 (-1536 -80 144 ) (-1536 -80 -16 ) (-1488 -80 -16 ) (-1488 -80 144 ) 
4 111 113 (-1536 368 -16 ) (-1536 464 -16 ) (-1488 464 -16 ) (-1488 368 -16 ) 
4 111 115 (-1536 464 144 ) (-1536 464 -16 ) (-1536 -80 -16 ) (-1536 -80 144 ) 
4 112 116 (-1392 464 -144 ) (-848 464 -144 ) (-848 368 -144 ) (-1392 368 -144 ) 
4 112 114 (-1392 368 -144 ) (-848 368 -144 ) (-848 368 -32 ) (-1392 368 -32 ) 
4 112 113 (-1392 464 -32 ) (-1392 464 -144 ) (-1392 368 -144 ) (-1392 368 -32 ) 
4 113 116 (-1536 368 -144 ) (-1536 464 -144 ) (-1392 464 -144 ) (-1392 368 -144 ) 
4 113 114 (-1536 368 -144 ) (-1392 368 -144 ) (-1392 368 -32 ) (-1536 368 -32 ) 
4 113 115 (-1536 464 -16 ) (-1536 464 -144 ) (-1536 368 -144 ) (-1536 368 -16 ) 
4 114 281 (-1536 -80 -32 ) (-1536 -80 -144 ) (-1120 -80 -144 ) (-1120 -80 -32 ) 
4 114 278 (-1120 -80 -144 ) (-848 -80 -144 ) (-848 -80 -32 ) (-1120 -80 -32 ) 
4 114 116 (-848 -80 -144 ) (-1536 -80 -144 ) (-1536 368 -144 ) (-848 368 -144 ) 
4 114 115 (-1536 368 -144 ) (-1536 -80 -144 ) (-1536 -80 -32 ) (-1536 368 -32 ) 
4 115 283 (-1536 -80 336 ) (-1600 -80 336 ) (-1600 -80 -144 ) (-1536 -80 -144 ) 
4 115 116 (-1536 -80 -144 ) (-1600 -80 -144 ) (-1600 464 -144 ) (-1536 464 -144 ) 
4 116 284 (-624 -80 -288 ) (-624 -80 -144 ) (-1600 -80 -144 ) (-1600 -80 -288 ) 
4 117 243 (-624 -80 1392 ) (-624 -80 336 ) (-624 -1168 336 ) (-624 -1168 1392 ) 
4 117 242 (-624 -1168 336 ) (-624 -1072 336 ) (336 -1072 336 ) (336 -1168 336 ) 
4 117 191 (-624 -1072 336 ) (-624 -816 336 ) (-112 -816 336 ) (-112 -1072 336 ) 
4 117 190 (-112 -624 336 ) (64 -624 336 ) (64 -1072 336 ) (-112 -1072 336 ) 
4 117 189 (64 -624 336 ) (336 -624 336 ) (336 -1072 336 ) (64 -1072 336 ) 
4 117 119 (-112 -80 336 ) (64 -80 336 ) (64 -624 336 ) (-112 -624 336 ) 
4 117 118 (64 -80 336 ) (336 -80 336 ) (336 -624 336 ) (64 -624 336 ) 
4 118 189 (336 -624 336 ) (64 -624 336 ) (64 -624 -144 ) (336 -624 -144 ) 
4 118 188 (336 -624 -144 ) (64 -624 -144 ) (64 -80 -144 ) (336 -80 -144 ) 
4 118 134 (64 -96 -144 ) (64 -624 -144 ) (64 -624 -32 ) (64 -96 -32 ) 
4 118 133 (64 -80 -16 ) (64 -80 -144 ) (64 -96 -144 ) (64 -96 -16 ) 
4 118 119 (64 -80 336 ) (64 -80 176 ) (64 -624 176 ) (64 -624 336 ) 
4 119 192 (-112 -624 320 ) (-112 -624 176 ) (64 -624 176 ) (64 -624 320 ) 
4 119 190 (64 -624 336 ) (-112 -624 336 ) (-112 -624 320 ) (64 -624 320 ) 
4 119 120 (-112 -624 176 ) (-112 -624 320 ) (-112 -80 320 ) (-112 -80 176 ) 
4 121 287 (-624 -544 192 ) (-624 -624 192 ) (-624 -624 320 ) (-624 -544 320 ) 
4 121 248 (-624 -336 192 ) (-624 -544 192 ) (-624 -544 320 ) (-624 -336 320 ) 
4 121 244 (-624 -80 320 ) (-624 -80 192 ) (-624 -336 192 ) (-624 -336 320 ) 
4 121 194 (-448 -624 192 ) (-368 -624 192 ) (-368 -624 320 ) (-448 -624 320 ) 
4 121 193 (-368 -624 192 ) (-256 -624 192 ) (-256 -624 320 ) (-368 -624 320 ) 
4 121 198 (-624 -624 320 ) (-624 -624 192 ) (-448 -624 192 ) (-448 -624 320 ) 
4 121 132 (-448 -624 192 ) (-624 -624 192 ) (-624 -400 192 ) (-448 -400 192 ) 
4 121 130 (-624 -400 192 ) (-624 -320 192 ) (-560 -320 192 ) (-560 -400 192 ) 
4 121 128 (-256 -320 192 ) (-256 -624 192 ) (-368 -624 192 ) (-368 -320 192 ) 
4 121 127 (-560 -320 192 ) (-624 -320 192 ) (-624 -80 192 ) (-560 -80 192 ) 
4 121 125 (-416 -320 192 ) (-512 -320 192 ) (-512 -160 192 ) (-416 -160 192 ) 
4 121 122 (-256 -80 192 ) (-256 -320 192 ) (-368 -320 192 ) (-368 -80 192 ) 
4 122 147 (-368 -80 160 ) (-256 -80 160 ) (-256 -320 160 ) (-368 -320 160 ) 
4 122 128 (-256 -320 192 ) (-368 -320 192 ) (-368 -320 160 ) (-256 -320 160 ) 
4 122 124 (-368 -160 160 ) (-368 -320 160 ) (-368 -320 176 ) (-368 -160 176 ) 
4 122 123 (-368 -80 176 ) (-368 -80 160 ) (-368 -160 160 ) (-368 -160 176 ) 
4 123 148 (-488 -80 160 ) (-424 -80 160 ) (-424 -160 160 ) (-488 -160 160 ) 
4 123 150 (-512 -80 160 ) (-488 -80 160 ) (-488 -160 160 ) (-512 -160 160 ) 
4 123 147 (-424 -80 160 ) (-368 -80 160 ) (-368 -160 160 ) (-424 -160 160 ) 
4 123 126 (-512 -80 176 ) (-512 -80 160 ) (-512 -160 160 ) (-512 -160 176 ) 
4 123 124 (-416 -160 160 ) (-368 -160 160 ) (-368 -160 176 ) (-416 -160 176 ) 
4 123 125 (-512 -160 160 ) (-416 -160 160 ) (-416 -160 176 ) (-512 -160 176 ) 
4 124 147 (-368 -160 160 ) (-368 -320 160 ) (-416 -320 160 ) (-416 -160 160 ) 
4 124 129 (-416 -320 176 ) (-416 -320 160 ) (-368 -320 160 ) (-368 -320 176 ) 
4 124 125 (-416 -160 176 ) (-416 -160 160 ) (-416 -320 160 ) (-416 -320 176 ) 
4 125 149 (-424 -216 160 ) (-424 -272 160 ) (-488 -272 160 ) (-488 -216 160 ) 
4 125 148 (-488 -160 160 ) (-424 -160 160 ) (-424 -216 160 ) (-488 -216 160 ) 
4 125 150 (-512 -272 160 ) (-512 -160 160 ) (-488 -160 160 ) (-488 -272 160 ) 
4 125 151 (-424 -320 160 ) (-512 -320 160 ) (-512 -272 160 ) (-424 -272 160 ) 
4 125 147 (-416 -320 160 ) (-424 -320 160 ) (-424 -160 160 ) (-416 -160 160 ) 
4 125 129 (-512 -320 176 ) (-512 -320 160 ) (-416 -320 160 ) (-416 -320 176 ) 
4 125 126 (-512 -320 160 ) (-512 -320 176 ) (-512 -160 176 ) (-512 -160 160 ) 
4 126 150 (-560 -80 160 ) (-512 -80 160 ) (-512 -272 160 ) (-560 -272 160 ) 
4 126 151 (-512 -272 160 ) (-512 -320 160 ) (-560 -320 160 ) (-560 -272 160 ) 
4 126 129 (-560 -320 176 ) (-560 -320 160 ) (-512 -320 160 ) (-512 -320 176 ) 
4 126 127 (-560 -80 176 ) (-560 -80 160 ) (-560 -320 160 ) (-560 -320 176 ) 
4 127 244 (-624 -80 192 ) (-624 -80 160 ) (-624 -320 160 ) (-624 -320 192 ) 
4 127 150 (-624 -272 160 ) (-624 -80 160 ) (-560 -80 160 ) (-560 -272 160 ) 
4 127 151 (-624 -320 160 ) (-624 -272 160 ) (-560 -272 160 ) (-560 -320 160 ) 
4 127 130 (-560 -320 192 ) (-624 -320 192 ) (-624 -320 160 ) (-560 -320 160 ) 
4 128 193 (-368 -624 160 ) (-256 -624 160 ) (-256 -624 192 ) (-368 -624 192 ) 
4 128 147 (-256 -624 160 ) (-368 -624 160 ) (-368 -320 160 ) (-256 -320 160 ) 
4 128 131 (-368 -400 160 ) (-368 -624 160 ) (-368 -624 176 ) (-368 -400 176 ) 
4 128 129 (-368 -320 176 ) (-368 -320 160 ) (-368 -400 160 ) (-368 -400 176 ) 
4 129 151 (-560 -320 160 ) (-424 -320 160 ) (-424 -400 160 ) (-560 -400 160 ) 
4 129 147 (-424 -320 160 ) (-368 -320 160 ) (-368 -400 160 ) (-424 -400 160 ) 
4 129 131 (-448 -400 160 ) (-368 -400 160 ) (-368 -400 176 ) (-448 -400 176 ) 
4 129 132 (-560 -400 176 ) (-560 -400 160 ) (-448 -400 160 ) (-448 -400 176 ) 
4 129 130 (-560 -320 176 ) (-560 -320 160 ) (-560 -400 160 ) (-560 -400 176 ) 
4 130 248 (-624 -336 160 ) (-624 -400 160 ) (-624 -400 192 ) (-624 -336 192 ) 
4 130 244 (-624 -320 160 ) (-624 -336 160 ) (-624 -336 192 ) (-624 -320 192 ) 
4 130 151 (-624 -400 160 ) (-624 -320 160 ) (-560 -320 160 ) (-560 -400 160 ) 
4 130 132 (-560 -400 192 ) (-624 -400 192 ) (-624 -400 160 ) (-560 -400 160 ) 
4 131 195 (-448 -624 160 ) (-368 -624 160 ) (-368 -624 176 ) (-448 -624 176 ) 
4 131 151 (-424 -624 160 ) (-448 -624 160 ) (-448 -400 160 ) (-424 -400 160 ) 
4 131 147 (-368 -624 160 ) (-424 -624 160 ) (-424 -400 160 ) (-368 -400 160 ) 
4 131 132 (-448 -400 176 ) (-448 -400 160 ) (-448 -624 160 ) (-448 -624 176 ) 
4 132 287 (-624 -544 160 ) (-624 -624 160 ) (-624 -624 192 ) (-624 -544 192 ) 
4 132 248 (-624 -400 160 ) (-624 -544 160 ) (-624 -544 192 ) (-624 -400 192 ) 
4 132 198 (-624 -624 192 ) (-624 -624 160 ) (-448 -624 160 ) (-448 -624 192 ) 
4 132 151 (-448 -624 160 ) (-624 -624 160 ) (-624 -400 160 ) (-448 -400 160 ) 
4 133 188 (48 -96 -144 ) (48 -80 -144 ) (64 -80 -144 ) (64 -96 -144 ) 
4 133 135 (48 -80 -16 ) (48 -80 -144 ) (48 -96 -144 ) (48 -96 -16 ) 
4 133 134 (48 -96 -144 ) (64 -96 -144 ) (64 -96 -32 ) (48 -96 -32 ) 
4 134 231 (64 -624 -128 ) (64 -624 -32 ) (48 -624 -32 ) (48 -624 -128 ) 
4 134 232 (48 -624 -144 ) (64 -624 -144 ) (64 -624 -128 ) (48 -624 -128 ) 
4 134 188 (64 -624 -144 ) (48 -624 -144 ) (48 -96 -144 ) (64 -96 -144 ) 
4 134 140 (48 -624 -144 ) (48 -624 -32 ) (48 -96 -32 ) (48 -96 -144 ) 
4 135 188 (-96 -96 -144 ) (-96 -80 -144 ) (48 -80 -144 ) (48 -96 -144 ) 
4 135 152 (-96 -80 -16 ) (-96 -80 -144 ) (-96 -96 -144 ) (-96 -96 -16 ) 
4 135 140 (-96 -96 -144 ) (48 -96 -144 ) (48 -96 -32 ) (-96 -96 -32 ) 
4 136 143 (-96 -96 144 ) (-96 -96 -16 ) (-96 -432 -16 ) (-96 -432 144 ) 
4 136 139 (-48 -512 -16 ) (0 -512 -16 ) (0 -512 16 ) (-48 -512 16 ) 
4 136 138 (0 -512 144 ) (-96 -512 144 ) (-96 -512 16 ) (0 -512 16 ) 
4 136 137 (48 -512 -16 ) (48 -512 144 ) (0 -512 144 ) (0 -512 -16 ) 
4 137 139 (0 -512 16 ) (0 -512 -16 ) (0 -560 -16 ) (0 -560 16 ) 
4 137 138 (0 -512 144 ) (0 -512 16 ) (0 -560 16 ) (0 -560 144 ) 
4 138 205 (-96 -624 144 ) (-96 -624 16 ) (0 -624 16 ) (0 -624 144 ) 
4 138 139 (0 -512 16 ) (0 -624 16 ) (-48 -624 16 ) (-48 -512 16 ) 
4 139 205 (-48 -624 -16 ) (0 -624 -16 ) (0 -624 16 ) (-48 -624 16 ) 
4 140 231 (48 -624 -128 ) (48 -624 -32 ) (-96 -624 -32 ) (-96 -624 -128 ) 
4 140 232 (-96 -624 -144 ) (48 -624 -144 ) (48 -624 -128 ) (-96 -624 -128 ) 
4 140 188 (48 -624 -144 ) (-96 -624 -144 ) (-96 -96 -144 ) (48 -96 -144 ) 
4 140 184 (-96 -320 -144 ) (-96 -624 -144 ) (-96 -624 -128 ) (-96 -320 -128 ) 
4 140 157 (-96 -160 -144 ) (-96 -320 -144 ) (-96 -320 -127.360000 ) (-96 -160 -127.360000 ) 
4 140 156 (-96 -320 -127.360000 ) (-96 -320 -32 ) (-96 -160 -32 ) (-96 -160 -127.360000 ) 
4 140 153 (-96 -96 -144 ) (-96 -160 -144 ) (-96 -160 -32 ) (-96 -96 -32 ) 
4 141 154 (-240 -80 -16 ) (-104 -80 -16 ) (-104 -99.200000 -16 ) (-240 -153.600000 -16 ) 
4 141 152 (-104 -80 -16 ) (-96 -80 -16 ) (-96 -96 -16 ) (-104 -96 -16 ) 
4 142 146 (-240 -160 -16 ) (-240 -168 -16 ) (-240 -168 144 ) (-240 -160 144 ) 
4 142 143 (-240 -168 144 ) (-240 -168 -16 ) (-160 -128 -16 ) (-160 -128 144 ) 
4 143 146 (-240 -168 -16 ) (-240 -336 -16 ) (-240 -336 144 ) (-240 -168 144 ) 
4 144 171 (-234 -432 -16 ) (-240 -432 -16 ) (-240 -345.600000 -16 ) (-239.376623 -345.974026 -16 ) 
4 144 145 (-240 -432 -16 ) (-234 -432 -16 ) (-234 -432 144 ) (-240 -432 144 ) 
4 145 206 (-240 -624 -16 ) (-112 -624 -16 ) (-112 -624 144 ) (-240 -624 144 ) 
4 145 173 (-112 -624 -16 ) (-240 -624 -16 ) (-240 -432 -16 ) (-112 -432 -16 ) 
4 146 147 (-256 -160 -16 ) (-256 -336 -16 ) (-256 -336 160 ) (-256 -160 160 ) 
4 147 220 (-424 -624 -16 ) (-315.049583 -624 -16 ) (-315.049583 -624 160 ) (-424 -624 160 ) 
4 147 219 (-315.049583 -624 -16 ) (-256 -624 -16 ) (-256 -624 160 ) (-315.049583 -624 160 ) 
4 147 182 (-256 -544 -16 ) (-256 -624 -16 ) (-400 -624 -16 ) (-400 -544 -16 ) 
4 147 180 (-304 -544 -16 ) (-400 -544 -16 ) (-400 -336 -16 ) (-304 -336 -16 ) 
4 147 178 (-256 -336 -16 ) (-256 -544 -16 ) (-304 -544 -16 ) (-304 -336 -16 ) 
4 147 162 (-400 -80 -16 ) (-304 -80 -16 ) (-304 -160 -16 ) (-400 -160 -16 ) 
4 147 158 (-304 -80 -16 ) (-256 -80 -16 ) (-256 -160 -16 ) (-304 -160 -16 ) 
4 147 149 (-424 -272 96 ) (-424 -272 160 ) (-424 -216 160 ) (-424 -216 96 ) 
4 147 148 (-424 -80 160 ) (-424 -80 -16 ) (-424 -216 -16 ) (-424 -216 160 ) 
4 147 151 (-424 -272 -16 ) (-424 -624 -16 ) (-424 -624 160 ) (-424 -272 160 ) 
4 148 149 (-424 -216 96 ) (-424 -216 160 ) (-488 -216 160 ) (-488 -216 96 ) 
4 148 150 (-488 -80 160 ) (-488 -80 -16 ) (-488 -216 -16 ) (-488 -216 160 ) 
4 149 151 (-424 -272 96 ) (-424 -272 160 ) (-488 -272 160 ) (-488 -272 96 ) 
4 149 150 (-488 -272 96 ) (-488 -272 160 ) (-488 -216 160 ) (-488 -216 96 ) 
4 150 246 (-624 -160 -16 ) (-624 -272 -16 ) (-624 -272 160 ) (-624 -160 160 ) 
4 150 245 (-624 -80 160 ) (-624 -80 -16 ) (-624 -160 -16 ) (-624 -160 160 ) 
4 150 164 (-624 -160 -16 ) (-624 -80 -16 ) (-528 -80 -16 ) (-528 -160 -16 ) 
4 150 151 (-624 -272 -16 ) (-488 -272 -16 ) (-488 -272 160 ) (-624 -272 160 ) 
4 151 290 (-624 -544 -16 ) (-624 -624 -16 ) (-624 -624 160 ) (-624 -544 160 ) 
4 151 248 (-624 -336 -16 ) (-624 -544 -16 ) (-624 -544 160 ) (-624 -336 160 ) 
4 151 246 (-624 -272 -16 ) (-624 -336 -16 ) (-624 -336 160 ) (-624 -272 160 ) 
4 151 221 (-624 -624 160 ) (-624 -624 -16 ) (-612.950417 -624 -16 ) (-612.950417 -624 160 ) 
4 151 220 (-612.950417 -624 -16 ) (-424 -624 -16 ) (-424 -624 160 ) (-612.950417 -624 160 ) 
4 151 185 (-624 -624 -16 ) (-624 -336 -16 ) (-528 -336 -16 ) (-528 -624 -16 ) 
4 152 188 (-104 -80 -144 ) (-96 -80 -144 ) (-96 -96 -144 ) (-104 -96 -144 ) 
4 152 155 (-104 -80 -32 ) (-104 -80 -144 ) (-104 -96 -144 ) (-104 -96 -32 ) 
4 152 154 (-104 -80 -16 ) (-104 -80 -32 ) (-104 -96 -32 ) (-104 -96 -16 ) 
4 152 153 (-104 -96 -144 ) (-96 -96 -144 ) (-96 -96 -32 ) (-104 -96 -32 ) 
4 153 188 (-96 -96 -144 ) (-96 -160 -144 ) (-104 -160 -144 ) (-104 -96 -144 ) 
4 153 157 (-104 -160 -144 ) (-96 -160 -144 ) (-96 -160 -127.360000 ) (-104 -160 -127.360000 ) 
4 153 156 (-96 -160 -127.360000 ) (-96 -160 -32 ) (-104 -160 -32 ) (-104 -160 -127.360000 ) 
4 153 155 (-104 -96 -144 ) (-104 -160 -144 ) (-104 -160 -32 ) (-104 -96 -32 ) 
4 154 155 (-240 -80 -32 ) (-104 -80 -32 ) (-104 -99.200000 -32 ) (-240 -153.600000 -32 ) 
4 155 188 (-240 -80 -144 ) (-104 -80 -144 ) (-104 -160 -144 ) (-240 -160 -144 ) 
4 155 157 (-112 -160 -144 ) (-104 -160 -144 ) (-104 -160 -127.360000 ) (-112 -160 -127.360000 ) 
4 155 156 (-104 -160 -127.360000 ) (-104 -160 -32 ) (-240 -160 -32 ) (-240 -160 -127.360000 ) 
4 156 157 (-96 -320 -127.360000 ) (-112 -320 -127.360000 ) (-112 -160 -127.360000 ) (-96 -160 -127.360000 ) 
4 157 188 (-96 -160 -144 ) (-96 -320 -144 ) (-112 -320 -144 ) (-112 -160 -144 ) 
4 157 184 (-112 -320 -144 ) (-96 -320 -144 ) (-96 -320 -128 ) (-112 -320 -128 ) 
3 158 162 (-304 -160 -16 ) (-304 -80 -16 ) (-304 -80 -58.197802 ) 
4 158 160 (-304 -80 -64 ) (-256 -80 -64 ) (-256 -160 -64 ) (-304 -160 -64 ) 
4 158 159 (-304 -160 -32 ) (-304 -160 -64 ) (-256 -160 -64 ) (-256 -160 -32 ) 
4 159 165 (-256 -176 -64 ) (-256 -176 -32 ) (-304 -176 -32 ) (-304 -176 -64 ) 
4 159 161 (-256 -160 -64 ) (-256 -176 -64 ) (-304 -176 -64 ) (-304 -160 -64 ) 
4 160 161 (-256 -160 -127.360000 ) (-256 -160 -64 ) (-304 -160 -64 ) (-304 -160 -127.360000 ) 
4 161 166 (-256 -176 -127.360000 ) (-256 -176 -64 ) (-304 -176 -64 ) (-304 -176 -127.360000 ) 
4 163 188 (-512 -80 -144 ) (-416 -80 -144 ) (-416 -160 -144 ) (-512 -160 -144 ) 
3 164 245 (-624 -80 -16 ) (-624 -80 -58.197802 ) (-624 -160 -16 ) 
4 165 247 (-624 -320 -64 ) (-624 -320 -32 ) (-624 -176 -32 ) (-624 -176 -64 ) 
4 165 169 (-256 -320 -64 ) (-256 -320 -32 ) (-304 -320 -32 ) (-304 -320 -64 ) 
4 165 168 (-528 -320 -64 ) (-624 -320 -64 ) (-624 -176 -64 ) (-528 -176 -64 ) 
4 165 167 (-400 -320 -64 ) (-528 -320 -64 ) (-528 -176 -64 ) (-400 -176 -64 ) 
4 165 166 (-256 -320 -64 ) (-400 -320 -64 ) (-400 -176 -64 ) (-256 -176 -64 ) 
4 166 170 (-256 -320 -127.360000 ) (-256 -320 -64 ) (-304 -320 -64 ) (-304 -320 -127.360000 ) 
4 166 167 (-400 -320 -127.360000 ) (-400 -320 -64 ) (-400 -176 -64 ) (-400 -176 -127.360000 ) 
4 167 168 (-528 -176 -64 ) (-528 -176 -127.360000 ) (-528 -320 -127.360000 ) (-528 -320 -64 ) 
4 168 249 (-624 -320 -128 ) (-624 -320 -64 ) (-624 -176 -64 ) (-624 -176 -128 ) 
4 169 178 (-304 -336 -64 ) (-256 -336 -64 ) (-256 -336 -32 ) (-304 -336 -32 ) 
4 169 170 (-304 -320 -64 ) (-256 -320 -64 ) (-256 -336 -64 ) (-304 -336 -64 ) 
4 170 179 (-304 -336 -127.360000 ) (-256 -336 -127.360000 ) (-256 -336 -64 ) (-304 -336 -64 ) 
4 171 173 (-112 -432 -16 ) (-248 -432 -16 ) (-248 -432 -24 ) (-112 -432 -24 ) 
4 171 172 (-112 -422.400000 -24 ) (-104 -427.200000 -24 ) (-104 -432 -24 ) (-112 -432 -24 ) 
4 173 225 (-192 -624 -16 ) (-248 -624 -16 ) (-248 -624 -24 ) (-192 -624 -24 ) 
4 173 224 (-112 -624 -16 ) (-192 -624 -16 ) (-192 -624 -24 ) (-112 -624 -24 ) 
4 174 234 (-128 -624 -127.360000 ) (-112 -624 -127.360000 ) (-112 -624 -32 ) (-128 -624 -32 ) 
4 174 175 (-128 -336 -32 ) (-128 -336 -127.360000 ) (-128 -624 -127.360000 ) (-128 -624 -32 ) 
4 175 235 (-136 -624 -127.360000 ) (-128 -624 -127.360000 ) (-128 -624 -32 ) (-136 -624 -32 ) 
4 175 177 (-136 -336 -127.360000 ) (-136 -624 -127.360000 ) (-136 -624 -64 ) (-136 -336 -64 ) 
4 175 176 (-136 -624 -64 ) (-136 -624 -32 ) (-136 -336 -32 ) (-136 -336 -64 ) 
4 176 236 (-256 -624 -32 ) (-256 -624 -64 ) (-136 -624 -64 ) (-136 -624 -32 ) 
4 176 182 (-256 -624 -64 ) (-256 -624 -32 ) (-256 -544 -32 ) (-256 -544 -64 ) 
4 176 178 (-256 -544 -32 ) (-256 -336 -32 ) (-256 -336 -64 ) (-256 -544 -64 ) 
4 176 177 (-256 -336 -64 ) (-136 -336 -64 ) (-136 -624 -64 ) (-256 -624 -64 ) 
4 177 237 (-256 -624 -64 ) (-256 -624 -127.360000 ) (-136 -624 -127.360000 ) (-136 -624 -64 ) 
4 177 183 (-256 -544 -127.360000 ) (-256 -624 -127.360000 ) (-256 -624 -64 ) (-256 -544 -64 ) 
4 177 179 (-256 -336 -127.360000 ) (-256 -544 -127.360000 ) (-256 -544 -64 ) (-256 -336 -64 ) 
4 178 182 (-256 -544 -64 ) (-256 -544 -16 ) (-304 -544 -16 ) (-304 -544 -64 ) 
4 178 180 (-304 -544 -64 ) (-304 -544 -16 ) (-304 -336 -16 ) (-304 -427 -64 ) 
4 178 179 (-256 -544 -64 ) (-304 -544 -64 ) (-304 -336 -64 ) (-256 -336 -64 ) 
4 179 183 (-304 -544 -127.360000 ) (-256 -544 -127.360000 ) (-256 -544 -64 ) (-304 -544 -64 ) 
3 179 181 (-304 -544 -125.714286 ) (-304 -544 -64 ) (-304 -427 -64 ) 
4 180 182 (-304 -544 -64 ) (-304 -544 -16 ) (-400 -544 -16 ) (-400 -544 -64 ) 
4 180 181 (-304 -427 -64 ) (-304 -544 -64 ) (-400 -544 -64 ) (-400 -427 -64 ) 
4 181 183 (-304 -544 -125.714286 ) (-304 -544 -64 ) (-400 -544 -64 ) (-400 -544 -125.714286 ) 
4 182 236 (-400 -624 -32 ) (-400 -624 -64 ) (-256 -624 -64 ) (-256 -624 -32 ) 
4 182 227 (-256 -624 -16 ) (-400 -624 -16 ) (-400 -624 -32 ) (-256 -624 -32 ) 
4 182 183 (-256 -624 -64 ) (-400 -624 -64 ) (-400 -544 -64 ) (-256 -544 -64 ) 
4 183 237 (-400 -624 -64 ) (-400 -624 -127.360000 ) (-256 -624 -127.360000 ) (-256 -624 -64 ) 
4 184 232 (-112 -624 -144 ) (-96 -624 -144 ) (-96 -624 -128 ) (-112 -624 -128 ) 
4 184 188 (-96 -624 -144 ) (-112 -624 -144 ) (-112 -320 -144 ) (-96 -320 -144 ) 
4 185 307 (-624 -624 -64 ) (-624 -624 -32 ) (-624 -544 -32 ) (-624 -544 -64 ) 
4 185 290 (-624 -624 -32 ) (-624 -624 -16 ) (-624 -544 -16 ) (-624 -544 -32 ) 
4 185 248 (-624 -544 -16 ) (-624 -336 -16 ) (-624 -427 -64 ) (-624 -544 -64 ) 
4 185 238 (-624 -624 -32 ) (-624 -624 -64 ) (-528 -624 -64 ) (-528 -624 -32 ) 
4 185 228 (-624 -624 -16 ) (-624 -624 -32 ) (-528 -624 -32 ) (-528 -624 -16 ) 
4 185 187 (-528 -624 -64 ) (-624 -624 -64 ) (-624 -544 -64 ) (-528 -544 -64 ) 
4 185 186 (-624 -544 -64 ) (-624 -427 -64 ) (-528 -427 -64 ) (-528 -544 -64 ) 
3 186 249 (-624 -544 -125.714286 ) (-624 -544 -64 ) (-624 -427 -64 ) 
4 186 187 (-528 -544 -64 ) (-624 -544 -64 ) (-624 -544 -125.714286 ) (-528 -544 -125.714286 ) 
4 187 308 (-624 -624 -128 ) (-624 -624 -64 ) (-624 -544 -64 ) (-624 -544 -128 ) 
4 187 239 (-624 -624 -64 ) (-624 -624 -128 ) (-528 -624 -128 ) (-528 -624 -64 ) 
4 188 325 (-624 -544 -288 ) (-624 -624 -288 ) (-624 -624 -144 ) (-624 -544 -144 ) 
4 188 284 (-624 -80 -144 ) (-624 -80 -288 ) (-624 -544 -288 ) (-624 -544 -144 ) 
4 188 240 (-624 -624 -144 ) (-624 -624 -288 ) (-112 -624 -288 ) (-112 -624 -144 ) 
4 188 232 (-112 -624 -288 ) (64 -624 -288 ) (64 -624 -144 ) (-112 -624 -144 ) 
4 188 189 (64 -624 -288 ) (336 -624 -288 ) (336 -624 -144 ) (64 -624 -144 ) 
4 189 242 (64 -1072 -288 ) (336 -1072 -288 ) (336 -1072 336 ) (64 -1072 336 ) 
4 189 231 (64 -768 -128 ) (64 -768 -32 ) (64 -624 -32 ) (64 -624 -128 ) 
4 189 232 (64 -624 -288 ) (64 -768 -288 ) (64 -768 -128 ) (64 -624 -128 ) 
4 189 233 (64 -768 -288 ) (64 -1072 -288 ) (64 -1072 -32 ) (64 -768 -32 ) 
4 189 202 (64 -1056 144 ) (64 -928 144 ) (64 -928 -32 ) (64 -1056 -32 ) 
4 189 204 (64 -1072 -32 ) (64 -1072 144 ) (64 -1056 144 ) (64 -1056 -32 ) 
4 189 192 (64 -1072 176 ) (64 -1072 320 ) (64 -624 320 ) (64 -624 176 ) 
4 189 190 (64 -1072 320 ) (64 -1072 336 ) (64 -624 336 ) (64 -624 320 ) 
4 190 242 (-112 -1072 320 ) (64 -1072 320 ) (64 -1072 336 ) (-112 -1072 336 ) 
4 190 192 (64 -1072 320 ) (-112 -1072 320 ) (-112 -624 320 ) (64 -624 320 ) 
4 190 191 (-112 -1072 320 ) (-112 -1072 336 ) (-112 -816 336 ) (-112 -816 320 ) 
4 191 286 (-624 -1072 336 ) (-624 -816 336 ) (-624 -816 320 ) (-624 -1072 320 ) 
4 191 242 (-624 -1072 336 ) (-624 -1072 320 ) (-112 -1072 320 ) (-112 -1072 336 ) 
4 191 201 (-240 -1072 320 ) (-624 -1072 320 ) (-624 -816 320 ) (-240 -816 320 ) 
4 191 199 (-112 -1072 320 ) (-240 -1072 320 ) (-240 -816 320 ) (-112 -816 320 ) 
4 192 242 (64 -1072 176 ) (64 -1072 320 ) (-112 -1072 320 ) (-112 -1072 176 ) 
4 192 199 (-112 -1072 176 ) (-112 -1072 320 ) (-112 -736 320 ) (-112 -736 176 ) 
4 193 220 (-368 -624 160 ) (-315.049583 -624 160 ) (-324.287187 -640 160 ) (-368 -640 160 ) 
4 193 219 (-315.049583 -624 160 ) (-256 -624 160 ) (-256 -640 160 ) (-324.287187 -640 160 ) 
4 193 197 (-368 -640 160 ) (-256 -640 160 ) (-256 -640 176 ) (-368 -640 176 ) 
4 193 196 (-256 -640 192 ) (-256 -640 320 ) (-368 -640 320 ) (-368 -640 192 ) 
4 193 195 (-368 -624 176 ) (-368 -624 160 ) (-368 -640 160 ) (-368 -640 176 ) 
4 193 194 (-368 -624 320 ) (-368 -624 192 ) (-368 -640 192 ) (-368 -640 320 ) 
4 194 196 (-448 -640 320 ) (-448 -640 192 ) (-368 -640 192 ) (-368 -640 320 ) 
4 194 198 (-448 -640 192 ) (-448 -640 320 ) (-448 -624 320 ) (-448 -624 192 ) 
4 195 220 (-448 -624 160 ) (-368 -624 160 ) (-368 -640 160 ) (-448 -640 160 ) 
4 195 197 (-448 -640 176 ) (-448 -640 160 ) (-368 -640 160 ) (-368 -640 176 ) 
4 195 198 (-448 -624 160 ) (-448 -640 160 ) (-448 -640 176 ) (-448 -624 176 ) 
4 196 200 (-256 -720 320 ) (-448 -720 320 ) (-448 -720 192 ) (-256 -720 192 ) 
4 196 198 (-448 -720 192 ) (-448 -720 320 ) (-448 -640 320 ) (-448 -640 192 ) 
4 197 220 (-370.475209 -720 160 ) (-448 -720 160 ) (-448 -640 160 ) (-324.287187 -640 160 ) 
4 197 219 (-256 -720 160 ) (-370.475209 -720 160 ) (-324.287187 -640 160 ) (-256 -640 160 ) 
4 197 200 (-448 -720 160 ) (-256 -720 160 ) (-256 -720 176 ) (-448 -720 176 ) 
4 197 198 (-448 -640 160 ) (-448 -720 160 ) (-448 -720 176 ) (-448 -640 176 ) 
4 198 287 (-624 -624 320 ) (-624 -624 160 ) (-624 -720 160 ) (-624 -720 320 ) 
4 198 221 (-624 -720 160 ) (-624 -624 160 ) (-612.950417 -624 160 ) (-557.524791 -720 160 ) 
4 198 220 (-612.950417 -624 160 ) (-448 -624 160 ) (-448 -720 160 ) (-557.524791 -720 160 ) 
4 198 200 (-624 -720 320 ) (-624 -720 160 ) (-448 -720 160 ) (-448 -720 320 ) 
4 199 242 (-112 -1072 176 ) (-112 -1072 320 ) (-240 -1072 320 ) (-240 -1072 176 ) 
4 199 201 (-240 -1072 176 ) (-240 -1072 320 ) (-240 -784 320 ) (-240 -784 176 ) 
4 200 287 (-624 -720 160 ) (-624 -768 160 ) (-624 -768 320 ) (-624 -720 320 ) 
4 200 221 (-624 -768 160 ) (-624 -720 160 ) (-557.524791 -720 160 ) (-529.811978 -768 160 ) 
4 200 220 (-557.524791 -720 160 ) (-370.475209 -720 160 ) (-398.188022 -768 160 ) (-529.811978 -768 160 ) 
4 200 219 (-370.475209 -720 160 ) (-256 -720 160 ) (-256 -768 160 ) (-398.188022 -768 160 ) 
4 201 288 (-624 -784 160 ) (-624 -1072 160 ) (-624 -1072 320 ) (-624 -784 320 ) 
4 201 242 (-624 -1072 320 ) (-624 -1072 160 ) (-240 -1072 160 ) (-240 -1072 320 ) 
4 201 230 (-624 -1072 160 ) (-624 -1056 160 ) (-256 -1056 160 ) (-256 -1072 160 ) 
4 202 233 (64 -928 -32 ) (64 -1056 -32 ) (48 -1056 -32 ) (48 -928 -32 ) 
4 202 203 (48 -1056 -16 ) (48 -1056 144 ) (48 -928 144 ) (48 -928 -16 ) 
4 202 204 (48 -1056 -32 ) (64 -1056 -32 ) (64 -1056 144 ) (48 -1056 144 ) 
4 203 204 (-68.287187 -1056 144 ) (-68.287187 -1056 -16 ) (48 -1056 -16 ) (48 -1056 144 ) 
4 204 242 (-77.524791 -1072 -32 ) (64 -1072 -32 ) (64 -1072 144 ) (-77.524791 -1072 144 ) 
4 204 233 (64 -1072 -32 ) (-77.524791 -1072 -32 ) (-68.287187 -1056 -32 ) (64 -1056 -32 ) 
4 204 229 (-72.907993 -1064.003471 -32 ) (-77.524791 -1072 -32 ) (-77.524791 -1072 144 ) (-72.907993 -1064.003471 144 ) 
4 205 218 (-76.039736 -720 -16 ) (48 -720 -16 ) (48 -720 144 ) (-76.039736 -720 144 ) 
4 205 213 (-96 -720 -16 ) (-76.039736 -720 -16 ) (-76.039736 -720 96 ) (-96 -720 96 ) 
4 205 212 (-76.039736 -720 96 ) (-76.039736 -720 144 ) (-96 -720 144 ) (-96 -720 96 ) 
4 206 225 (-192 -720 -16 ) (-240 -720 -16 ) (-240 -624 -16 ) (-192 -624 -16 ) 
4 206 224 (-112 -720 -16 ) (-192 -720 -16 ) (-192 -624 -16 ) (-112 -624 -16 ) 
4 206 207 (-240 -720 144 ) (-240 -720 -16 ) (-112 -720 -16 ) (-112 -720 144 ) 
5 207 225 (-240 -768 -16 ) (-240 -720 -16 ) (-192 -720 -16 ) (-192 -760 -16 ) (-208 -768 -16 ) 
3 208 222 (-240 -784 144 ) (-240 -784 -16 ) (-240 -787.200000 -16 ) 
4 208 211 (-240 -784.960000 96 ) (-240 -787.200000 -16 ) (-197.333333 -768 -16 ) (-227.200000 -779.200000 96 ) 
3 208 209 (-240 -784 144 ) (-240 -784.960000 96 ) (-227.200000 -779.200000 96 ) 
4 209 222 (-240 -792 144 ) (-240 -784 144 ) (-240 -784.960000 96 ) (-240 -792 96 ) 
4 209 212 (-177.422222 -756.800000 96 ) (-168.888889 -752 144 ) (-240 -792 144 ) (-240 -792 96 ) 
4 209 211 (-240 -784.960000 96 ) (-182.333419 -759.010038 96 ) (-182.268442 -759.525999 96 ) (-240 -792 96 ) 
3 209 210 (-182.333419 -759.010038 96 ) (-177.422222 -756.800000 96 ) (-182.268442 -759.525999 96 ) 
3 210 215 (-182.268442 -759.525999 68.740013 ) (-177.422222 -756.800000 96 ) (-182.268442 -759.525999 96 ) 
3 210 211 (-182.333419 -759.010038 96 ) (-182.268442 -759.525999 68.740013 ) (-182.268442 -759.525999 96 ) 
4 211 222 (-240 -784.960000 96 ) (-240 -787.200000 -16 ) (-240 -792 -16 ) (-240 -792 96 ) 
5 211 216 (-240 -792 -16 ) (-197.333333 -768 -16 ) (-182.268442 -759.525999 68.740013 ) (-182.268442 -759.525999 96 ) (-240 -792 96 ) 
4 212 222 (-240 -793.939831 144 ) (-240 -792 144 ) (-240 -792 96 ) (-240 -793.939831 96 ) 
4 212 218 (-240 -793.939831 144 ) (-240 -793.939831 96 ) (-76.039736 -720 96 ) (-76.039736 -720 144 ) 
5 212 215 (-116.002533 -738.021699 96 ) (-181.269942 -767.454813 96 ) (-182.268442 -759.525999 96 ) (-164.930610 -749.773468 96 ) (-117.231478 -728.262977 96 ) 
3 212 214 (-164.930610 -749.773468 96 ) (-117.857155 -723.294650 96 ) (-117.231478 -728.262977 96 ) 
4 212 213 (-76.039736 -720 96 ) (-116.002533 -738.021699 96 ) (-117.857155 -723.294650 96 ) (-112 -720 96 ) 
4 212 216 (-181.269942 -767.454813 96 ) (-240 -793.939831 96 ) (-240 -792 96 ) (-182.268442 -759.525999 96 ) 
4 213 218 (-116.002533 -738.021699 -16 ) (-76.039736 -720 -16 ) (-76.039736 -720 96 ) (-116.002533 -738.021699 96 ) 
4 213 215 (-116.002533 -738.021699 -16 ) (-116.002533 -738.021699 96 ) (-117.231478 -728.262977 96 ) (-117.231478 -728.262977 -16 ) 
4 213 214 (-117.231478 -728.262977 96 ) (-117.857155 -723.294650 96 ) (-117.857155 -723.294650 -16 ) (-117.231478 -728.262977 -16 ) 
4 214 215 (-164.930610 -749.773468 96 ) (-164.930610 -749.773468 -16 ) (-117.231478 -728.262977 -16 ) (-117.231478 -728.262977 96 ) 
4 215 218 (-181.269942 -767.454813 -16 ) (-116.002533 -738.021699 -16 ) (-116.002533 -738.021699 96 ) (-181.269942 -767.454813 96 ) 
4 215 216 (-182.268442 -759.525999 96 ) (-182.268442 -759.525999 -16 ) (-181.269942 -767.454813 -16 ) (-181.269942 -767.454813 96 ) 
3 216 225 (-197.333333 -768 -16 ) (-192 -765 -16 ) (-192 -768 -16 ) 
4 216 222 (-240 -792 96 ) (-240 -792 -16 ) (-240 -793.939831 -16 ) (-240 -793.939831 96 ) 
4 216 218 (-240 -793.939831 96 ) (-240 -793.939831 -16 ) (-181.269942 -767.454813 -16 ) (-181.269942 -767.454813 96 ) 
4 217 218 (48 -822.584684 -16 ) (47.182869 -824 -16 ) (47.182869 -824 144 ) (48 -822.584684 144 ) 
4 218 223 (-240 -1056 -16 ) (-240 -1056 144 ) (-240 -902.143948 144 ) (-240 -902.143948 -16 ) 
4 218 222 (-240 -902.143948 144 ) (-240 -793.939831 144 ) (-240 -793.939831 -16 ) (-240 -902.143948 -16 ) 
4 219 227 (-315.049583 -624 -16 ) (-256 -624 -16 ) (-256 -768 -16 ) (-398.188022 -768 -16 ) 
4 219 220 (-315.049583 -624 160 ) (-315.049583 -624 -16 ) (-399.425626 -770.143594 -16 ) (-399.425626 -770.143594 160 ) 
4 220 228 (-612.950417 -624 -16 ) (-528 -624 -16 ) (-528 -768 -16 ) (-529.811978 -768 -16 ) 
4 220 227 (-400 -624 -16 ) (-315.049583 -624 -16 ) (-398.188022 -768 -16 ) (-400 -768 -16 ) 
4 220 223 (-520.574374 -784 -16 ) (-407.425626 -784 -16 ) (-407.425626 -784 144 ) (-520.574374 -784 144 ) 
4 220 221 (-528.574374 -770.143594 160 ) (-612.950417 -624 160 ) (-612.950417 -624 -16 ) (-528.574374 -770.143594 -16 ) 
4 221 292 (-624 -768 -16 ) (-624 -768.860527 -16 ) (-624 -768.860527 160 ) (-624 -768 160 ) 
4 221 290 (-624 -624 160 ) (-624 -624 -16 ) (-624 -768 -16 ) (-624 -768 160 ) 
4 221 228 (-624 -768 -16 ) (-624 -624 -16 ) (-612.950417 -624 -16 ) (-529.811978 -768 -16 ) 
4 222 223 (-282.717968 -872 -16 ) (-240 -902.143948 -16 ) (-240 -902.143948 144 ) (-282.717968 -872 144 ) 
4 223 299 (-624 -928 -16 ) (-624 -1056 -16 ) (-624 -1056 144 ) (-624 -928 144 ) 
4 223 296 (-624 -843.712813 -16 ) (-624 -928 -16 ) (-624 -928 144 ) (-624 -843.712813 144 ) 
4 224 225 (-192 -720 -24 ) (-192 -720 -16 ) (-192 -624 -16 ) (-192 -624 -24 ) 
4 225 226 (-240 -768 -16 ) (-248 -768 -16 ) (-248 -768 -24 ) (-240 -768 -24 ) 
4 227 236 (-400 -624 -32 ) (-256 -624 -32 ) (-256 -768 -32 ) (-400 -768 -32 ) 
4 228 290 (-624 -624 -16 ) (-624 -624 -32 ) (-624 -768 -32 ) (-624 -768 -16 ) 
4 228 238 (-624 -768 -32 ) (-624 -624 -32 ) (-528 -624 -32 ) (-528 -768 -32 ) 
4 229 242 (-80 -1072 -32 ) (-77.524791 -1072 -32 ) (-77.524791 -1072 144 ) (-80 -1072 144 ) 
4 229 233 (-77.524791 -1072 -32 ) (-80 -1072 -32 ) (-80 -1059.906530 -32 ) (-72.907993 -1064.003471 -32 ) 
4 230 312 (-624 -1072 144 ) (-624 -1072 160 ) (-624 -1056 160 ) (-624 -1056 144 ) 
4 230 242 (-624 -1072 160 ) (-624 -1072 144 ) (-256 -1072 144 ) (-256 -1072 160 ) 
4 231 232 (-96 -624 -128 ) (64 -624 -128 ) (64 -768 -128 ) (-96 -768 -128 ) 
4 231 233 (64 -768 -128 ) (64 -768 -32 ) (-96 -768 -32 ) (-96 -768 -128 ) 
4 232 240 (-112 -624 -288 ) (-112 -768 -288 ) (-112 -768 -144 ) (-112 -624 -144 ) 
4 232 233 (-112 -768 -288 ) (64 -768 -288 ) (64 -768 -128 ) (-112 -768 -128 ) 
4 233 242 (-112 -1072 -288 ) (64 -1072 -288 ) (64 -1072 -32 ) (-112 -1072 -32 ) 
4 233 240 (-112 -768 -288 ) (-112 -784 -288 ) (-112 -784 -144 ) (-112 -768 -144 ) 
4 233 241 (-112 -784 -288 ) (-112 -1072 -288 ) (-112 -1072 -32 ) (-112 -784 -32 ) 
4 234 235 (-128 -624 -32 ) (-128 -624 -127.360000 ) (-128 -768 -127.360000 ) (-128 -768 -32 ) 
4 235 237 (-136 -768 -127.360000 ) (-136 -768 -64 ) (-136 -624 -64 ) (-136 -624 -127.360000 ) 
4 235 236 (-136 -768 -64 ) (-136 -768 -32 ) (-136 -624 -32 ) (-136 -624 -64 ) 
4 236 237 (-400 -768 -64 ) (-400 -624 -64 ) (-136 -624 -64 ) (-136 -768 -64 ) 
4 238 307 (-624 -624 -32 ) (-624 -624 -64 ) (-624 -768 -64 ) (-624 -768 -32 ) 
4 238 239 (-624 -768 -64 ) (-624 -624 -64 ) (-528 -624 -64 ) (-528 -768 -64 ) 
4 239 308 (-624 -624 -64 ) (-624 -624 -128 ) (-624 -768 -128 ) (-624 -768 -64 ) 
4 240 325 (-624 -624 -144 ) (-624 -624 -288 ) (-624 -784 -288 ) (-624 -784 -144 ) 
4 240 241 (-624 -784 -144 ) (-624 -784 -288 ) (-112 -784 -288 ) (-112 -784 -144 ) 
4 241 325 (-624 -784 -288 ) (-624 -1072 -288 ) (-624 -1072 -144 ) (-624 -784 -144 ) 
4 241 313 (-624 -1072 -144 ) (-624 -1072 -32 ) (-624 -1056 -32 ) (-624 -1056 -144 ) 
4 241 311 (-624 -1056 -32 ) (-624 -784 -32 ) (-624 -784 -144 ) (-624 -1056 -144 ) 
4 241 242 (-624 -1072 -32 ) (-624 -1072 -288 ) (-112 -1072 -288 ) (-112 -1072 -32 ) 
4 242 325 (-624 -1072 -144 ) (-624 -1072 -288 ) (-624 -1168 -288 ) (-624 -1168 -144 ) 
4 242 323 (-624 -1168 336 ) (-624 -1072 336 ) (-624 -1072 -144 ) (-624 -1168 -144 ) 
4 243 285 (-848 -816 336 ) (-1488 -816 336 ) (-1488 -544 336 ) (-848 -544 336 ) 
4 243 286 (-624 -816 336 ) (-624 -1072 336 ) (-1488 -1072 336 ) (-1488 -816 336 ) 
4 243 323 (-624 -1072 336 ) (-624 -1168 336 ) (-1488 -1168 336 ) (-1488 -1072 336 ) 
4 243 324 (-1488 -1168 336 ) (-1600 -1168 336 ) (-1600 -544 336 ) (-1488 -544 336 ) 
4 243 251 (-848 -544 336 ) (-1488 -544 336 ) (-1488 -80 336 ) (-848 -80 336 ) 
4 243 256 (-1488 -544 336 ) (-1536 -544 336 ) (-1536 -80 336 ) (-1488 -80 336 ) 
4 243 283 (-1536 -544 336 ) (-1600 -544 336 ) (-1600 -80 336 ) (-1536 -80 336 ) 
4 244 248 (-672 -336 160 ) (-624 -336 160 ) (-624 -336 320 ) (-672 -336 320 ) 
4 244 246 (-624 -160 160 ) (-624 -336 160 ) (-672 -336 160 ) (-672 -160 160 ) 
4 244 245 (-672 -80 160 ) (-624 -80 160 ) (-624 -160 160 ) (-672 -160 160 ) 
4 245 249 (-672 -80 -64 ) (-624 -80 -64 ) (-624 -160 -64 ) (-672 -160 -64 ) 
4 245 247 (-672 -160 -64 ) (-624 -160 -64 ) (-624 -160 -32 ) (-672 -160 -32 ) 
4 245 246 (-624 -160 -16 ) (-624 -160 160 ) (-672 -160 160 ) (-672 -160 -16 ) 
4 246 266 (-688 -336 -16 ) (-688 -336 144 ) (-688 -304 144 ) (-688 -304 -16 ) 
5 246 257 (-688 -304 144 ) (-688 -160 144 ) (-688 -160 4.800000 ) (-688 -192 -16 ) (-688 -304 -16 ) 
4 246 248 (-672 -336 -16 ) (-624 -336 -16 ) (-624 -336 160 ) (-672 -336 160 ) 
4 247 249 (-672 -160 -64 ) (-624 -160 -64 ) (-624 -336 -64 ) (-672 -336 -64 ) 
4 247 248 (-672 -336 -64 ) (-624 -336 -64 ) (-624 -336 -32 ) (-672 -336 -32 ) 
4 248 307 (-672 -544 -64 ) (-624 -544 -64 ) (-624 -544 -32 ) (-672 -544 -32 ) 
4 248 290 (-624 -544 -32 ) (-624 -544 160 ) (-672 -544 160 ) (-672 -544 -32 ) 
4 248 287 (-624 -544 160 ) (-624 -544 320 ) (-672 -544 320 ) (-672 -544 160 ) 
4 248 249 (-624 -544 -64 ) (-672 -544 -64 ) (-672 -336 -64 ) (-624 -336 -64 ) 
4 249 308 (-672 -544 -128 ) (-624 -544 -128 ) (-624 -544 -64 ) (-672 -544 -64 ) 
4 250 284 (-688 -336 -144 ) (-688 -160 -144 ) (-672 -160 -144 ) (-672 -336 -144 ) 
4 250 278 (-688 -160 -144 ) (-688 -336 -144 ) (-688 -336 -128 ) (-688 -160 -128 ) 
4 251 285 (-848 -544 336 ) (-1488 -544 336 ) (-1488 -544 320 ) (-848 -544 320 ) 
4 251 255 (-848 -544 320 ) (-1488 -544 320 ) (-1488 -80 320 ) (-848 -80 320 ) 
4 251 256 (-1488 -544 320 ) (-1488 -544 336 ) (-1488 -80 336 ) (-1488 -80 320 ) 
4 252 257 (-800 -80 144 ) (-688 -80 144 ) (-688 -112 144 ) (-800 -112 144 ) 
4 253 254 (-688 -176 160 ) (-688 -176 320 ) (-800 -176 320 ) (-800 -176 160 ) 
4 254 289 (-688 -544 160 ) (-688 -544 320 ) (-848 -544 320 ) (-848 -544 160 ) 
4 254 255 (-848 -544 160 ) (-848 -544 320 ) (-848 -176 320 ) (-848 -176 160 ) 
4 255 289 (-1488 -544 320 ) (-1488 -544 160 ) (-848 -544 160 ) (-848 -544 320 ) 
4 255 256 (-1488 -544 160 ) (-1488 -544 320 ) (-1488 -80 320 ) (-1488 -80 160 ) 
4 256 324 (-1488 -544 336 ) (-1536 -544 336 ) (-1536 -544 144 ) (-1488 -544 144 ) 
4 256 277 (-1488 -544 144 ) (-1536 -544 144 ) (-1536 -496 144 ) (-1488 -496 144 ) 
5 256 275 (-1536 -86.627417 144 ) (-1536 -80 144 ) (-1488 -80 144 ) (-1488 -121.372583 144 ) (-1494.627417 -128 144 ) 
4 256 276 (-1536 -496 144 ) (-1536 -86.627417 144 ) (-1488 -134.627417 144 ) (-1488 -496 144 ) 
4 256 283 (-1536 -544 144 ) (-1536 -544 336 ) (-1536 -80 336 ) (-1536 -80 144 ) 
4 257 266 (-800 -304 -16 ) (-688 -304 -16 ) (-688 -304 144 ) (-800 -304 144 ) 
5 257 259 (-800 -192 -16 ) (-800 -304 -16 ) (-800 -304 144 ) (-800 -176 144 ) (-800 -176 -5.600000 ) 
4 258 261 (-928 -176 16 ) (-928 -176 144 ) (-928 -160 144 ) (-928 -160 16 ) 
4 258 260 (-928 -80 144 ) (-928 -80 -16 ) (-928 -160 -16 ) (-928 -160 144 ) 
4 258 259 (-928 -176 144 ) (-928 -176 -16 ) (-848 -176 -16 ) (-848 -176 144 ) 
4 259 266 (-928 -304 -16 ) (-800 -304 -16 ) (-800 -304 144 ) (-928 -304 144 ) 
4 259 264 (-928 -304 16 ) (-928 -304 144 ) (-928 -272 144 ) (-928 -272 16 ) 
4 259 261 (-928 -272 16 ) (-928 -272 144 ) (-928 -176 144 ) (-928 -176 16 ) 
4 260 274 (-1120 -80 144 ) (-1120 -80 -16 ) (-1120 -160 -16 ) (-1120 -160 144 ) 
4 260 262 (-960 -160 16 ) (-960 -160 144 ) (-1056 -160 144 ) (-1056 -160 16 ) 
4 260 261 (-928 -160 16 ) (-928 -160 144 ) (-960 -160 144 ) (-960 -160 16 ) 
4 260 265 (-1120 -160 -16 ) (-1056 -160 -16 ) (-1056 -160 144 ) (-1120 -160 144 ) 
4 261 264 (-928 -272 16 ) (-928 -272 144 ) (-960 -272 144 ) (-960 -272 16 ) 
4 261 262 (-960 -192 144 ) (-960 -160 144 ) (-960 -160 16 ) (-960 -192 16 ) 
4 262 263 (-1024 -192 144 ) (-1056 -192 144 ) (-1056 -192 16 ) (-1024 -192 16 ) 
4 262 265 (-1056 -192 16 ) (-1056 -192 144 ) (-1056 -160 144 ) (-1056 -160 16 ) 
4 263 264 (-1024 -272 144 ) (-1056 -272 144 ) (-1056 -272 16 ) (-1024 -272 16 ) 
4 263 265 (-1056 -272 16 ) (-1056 -272 144 ) (-1056 -192 144 ) (-1056 -192 16 ) 
4 264 268 (-928 -304 16 ) (-928 -304 144 ) (-1056 -304 144 ) (-1056 -304 16 ) 
4 264 265 (-1056 -304 16 ) (-1056 -304 144 ) (-1056 -272 144 ) (-1056 -272 16 ) 
4 265 274 (-1120 -160 -16 ) (-1120 -304 -16 ) (-1120 -304 144 ) (-1120 -160 144 ) 
4 265 268 (-1120 -304 -16 ) (-1056 -304 -16 ) (-1056 -304 144 ) (-1120 -304 144 ) 
4 266 268 (-928 -304 144 ) (-928 -304 -16 ) (-928 -480 -16 ) (-928 -480 144 ) 
4 267 291 (-912 -544 -16 ) (-688 -544 -16 ) (-688 -544 144 ) (-912 -544 144 ) 
4 267 279 (-688 -496 -16 ) (-688 -544 -16 ) (-912 -544 -16 ) (-912 -496 -16 ) 
4 268 274 (-1120 -304 -16 ) (-1120 -480 -16 ) (-1120 -480 144 ) (-1120 -304 144 ) 
4 268 269 (-1024 -480 -16 ) (-928 -480 -16 ) (-928 -480 144 ) (-1024 -480 144 ) 
4 269 294 (-1024 -544 -16 ) (-928 -544 -16 ) (-928 -544 144 ) (-1024 -544 144 ) 
3 270 282 (-1120 -481.137085 -16 ) (-1120 -496 -16 ) (-1134.862915 -496 -16 ) 
4 270 276 (-1130.745166 -491.882251 -16 ) (-1134.862915 -496 -16 ) (-1134.862915 -496 144 ) (-1130.745166 -491.882251 144 ) 
4 272 273 (-1458.958491 -141.041509 144 ) (-1458.958491 -141.041509 -16 ) (-1338.509668 -108.767344 -16 ) (-1338.509668 -108.767344 144 ) 
4 273 274 (-1445.894546 -154.105454 -16 ) (-1334.368563 -124.222157 -16 ) (-1334.368563 -124.222157 144 ) (-1445.894546 -154.105454 144 ) 
4 275 276 (-1536 -86.627417 -16 ) (-1494.627417 -128 -16 ) (-1494.627417 -128 144 ) (-1536 -86.627417 144 ) 
4 275 283 (-1536 -86.627417 144 ) (-1536 -80 144 ) (-1536 -80 -16 ) (-1536 -86.627417 -16 ) 
5 276 282 (-1536 -496 -16 ) (-1536 -480 -16 ) (-1142.627417 -480 -16 ) (-1130.745166 -491.882251 -16 ) (-1134.862915 -496 -16 ) 
4 276 277 (-1536 -496 -16 ) (-1136 -496 -16 ) (-1136 -496 144 ) (-1536 -496 144 ) 
4 276 283 (-1536 -496 144 ) (-1536 -86.627417 144 ) (-1536 -86.627417 -16 ) (-1536 -496 -16 ) 
4 277 320 (-1488 -544 -16 ) (-1136 -544 -16 ) (-1136 -544 144 ) (-1488 -544 144 ) 
4 277 324 (-1536 -544 144 ) (-1536 -544 -16 ) (-1488 -544 -16 ) (-1488 -544 144 ) 
4 277 282 (-1536 -544 -16 ) (-1536 -496 -16 ) (-1136 -496 -16 ) (-1136 -544 -16 ) 
4 277 283 (-1536 -544 -16 ) (-1536 -544 144 ) (-1536 -496 144 ) (-1536 -496 -16 ) 
4 278 284 (-1120 -496 -144 ) (-1120 -80 -144 ) (-688 -80 -144 ) (-688 -496 -144 ) 
4 278 281 (-1120 -80 -32 ) (-1120 -80 -144 ) (-1120 -480 -144 ) (-1120 -480 -32 ) 
4 278 282 (-1120 -480 -144 ) (-1120 -496 -144 ) (-1120 -496 -32 ) (-1120 -480 -32 ) 
4 278 280 (-1120 -496 -144 ) (-912 -496 -144 ) (-912 -496 -32 ) (-1120 -496 -32 ) 
4 278 279 (-912 -496 -144 ) (-688 -496 -144 ) (-688 -496 -32 ) (-912 -496 -32 ) 
4 279 310 (-912 -544 -144 ) (-688 -544 -144 ) (-688 -544 -32 ) (-912 -544 -32 ) 
4 279 291 (-688 -544 -32 ) (-688 -544 -16 ) (-912 -544 -16 ) (-912 -544 -32 ) 
4 279 284 (-688 -544 -144 ) (-912 -544 -144 ) (-912 -496 -144 ) (-688 -496 -144 ) 
4 279 280 (-912 -496 -32 ) (-912 -496 -144 ) (-912 -544 -144 ) (-912 -544 -32 ) 
4 280 310 (-1120 -544 -144 ) (-912 -544 -144 ) (-912 -544 -32 ) (-1120 -544 -32 ) 
4 280 284 (-912 -544 -144 ) (-1120 -544 -144 ) (-1120 -496 -144 ) (-912 -496 -144 ) 
4 280 282 (-1120 -544 -144 ) (-1120 -544 -32 ) (-1120 -496 -32 ) (-1120 -496 -144 ) 
4 281 284 (-1536 -480 -144 ) (-1536 -80 -144 ) (-1120 -80 -144 ) (-1120 -480 -144 ) 
4 281 282 (-1536 -480 -32 ) (-1536 -480 -144 ) (-1120 -480 -144 ) (-1120 -480 -32 ) 
4 281 283 (-1536 -80 -144 ) (-1536 -480 -144 ) (-1536 -480 -32 ) (-1536 -80 -32 ) 
4 282 319 (-1136 -544 -144 ) (-1120 -544 -144 ) (-1120 -544 -16 ) (-1136 -544 -16 ) 
4 282 320 (-1488 -544 -144 ) (-1136 -544 -144 ) (-1136 -544 -16 ) (-1488 -544 -16 ) 
4 282 324 (-1536 -544 -16 ) (-1536 -544 -144 ) (-1488 -544 -144 ) (-1488 -544 -16 ) 
4 282 284 (-1120 -544 -144 ) (-1536 -544 -144 ) (-1536 -480 -144 ) (-1120 -480 -144 ) 
4 282 283 (-1536 -480 -144 ) (-1536 -544 -144 ) (-1536 -544 -16 ) (-1536 -480 -16 ) 
4 283 324 (-1536 -544 336 ) (-1600 -544 336 ) (-1600 -544 -144 ) (-1536 -544 -144 ) 
4 283 284 (-1536 -544 -144 ) (-1600 -544 -144 ) (-1600 -80 -144 ) (-1536 -80 -144 ) 
4 284 325 (-1600 -544 -144 ) (-1600 -544 -288 ) (-624 -544 -288 ) (-624 -544 -144 ) 
4 285 289 (-1488 -816 320 ) (-1488 -544 320 ) (-848 -544 320 ) (-848 -816 320 ) 
4 285 286 (-848 -816 336 ) (-1488 -816 336 ) (-1488 -816 320 ) (-848 -816 320 ) 
4 285 324 (-1488 -816 336 ) (-1488 -544 336 ) (-1488 -544 320 ) (-1488 -816 320 ) 
4 286 288 (-688 -816 320 ) (-624 -816 320 ) (-624 -1072 320 ) (-688 -1072 320 ) 
4 286 289 (-1488 -1072 320 ) (-1488 -816 320 ) (-688 -816 320 ) (-688 -1072 320 ) 
4 286 324 (-1488 -1072 336 ) (-1488 -816 336 ) (-1488 -816 320 ) (-1488 -1072 320 ) 
4 286 323 (-624 -1072 320 ) (-624 -1072 336 ) (-1488 -1072 336 ) (-1488 -1072 320 ) 
4 287 290 (-672 -544 160 ) (-624 -544 160 ) (-624 -768 160 ) (-672 -768 160 ) 
4 288 312 (-624 -1072 160 ) (-688 -1072 160 ) (-688 -1056 160 ) (-624 -1056 160 ) 
4 288 289 (-688 -784 160 ) (-688 -1072 160 ) (-688 -1072 320 ) (-688 -784 320 ) 
4 288 323 (-624 -1072 160 ) (-624 -1072 320 ) (-688 -1072 320 ) (-688 -1072 160 ) 
4 289 318 (-1488 -1056 160 ) (-1488 -784 160 ) (-1152 -784 160 ) (-1152 -1056 160 ) 
4 289 317 (-1488 -784 160 ) (-1488 -768 160 ) (-1136 -768 160 ) (-1136 -784 160 ) 
4 289 322 (-1120 -1072 160 ) (-1488 -1072 160 ) (-1488 -1056 160 ) (-1120 -1056 160 ) 
4 289 314 (-688 -1072 160 ) (-1056 -1072 160 ) (-1056 -1056 160 ) (-688 -1056 160 ) 
4 289 316 (-1056 -1072 160 ) (-1120 -1072 160 ) (-1120 -1056 160 ) (-1056 -1056 160 ) 
4 289 323 (-688 -1072 320 ) (-1488 -1072 320 ) (-1488 -1072 160 ) (-688 -1072 160 ) 
4 289 324 (-1488 -544 320 ) (-1488 -544 160 ) (-1488 -1072 160 ) (-1488 -1072 320 ) 
4 290 307 (-672 -544 -32 ) (-624 -544 -32 ) (-624 -768 -32 ) (-672 -768 -32 ) 
4 290 292 (-624 -768 -16 ) (-624 -768 160 ) (-672 -768 160 ) (-672 -768 -16 ) 
4 291 310 (-912 -544 -32 ) (-688 -544 -32 ) (-688 -768 -32 ) (-912 -768 -32 ) 
4 291 293 (-912 -768 -32 ) (-688 -768 -32 ) (-688 -768 -16 ) (-912 -768 -16 ) 
3 292 293 (-688 -768 -16 ) (-672 -768 -16 ) (-672 -768.215132 -16 ) 
4 293 309 (-672 -784 -32 ) (-688 -784 -32 ) (-688 -768 -32 ) (-672 -768 -32 ) 
4 293 310 (-688 -784 -32 ) (-912 -784 -32 ) (-912 -768 -32 ) (-688 -768 -32 ) 
4 294 302 (-1120 -784 144 ) (-1120 -784 -16 ) (-992 -784 -16 ) (-992 -784 144 ) 
4 294 301 (-992 -784 -16 ) (-928 -784 -16 ) (-928 -784 144 ) (-992 -784 144 ) 
4 295 297 (-720 -795.636364 144 ) (-720 -795.636364 -16 ) (-720 -896 -16 ) (-720 -896 144 ) 
4 295 296 (-720 -899.138439 144 ) (-720 -899.138439 -16 ) (-645.282032 -856 -16 ) (-645.282032 -856 144 ) 
4 296 299 (-624 -928 -16 ) (-624 -928 144 ) (-720 -928 144 ) (-720 -928 -16 ) 
4 297 298 (-768 -896 144 ) (-768 -791.272727 144 ) (-768 -791.272727 -16 ) (-768 -896 -16 ) 
4 298 301 (-880 -784 144 ) (-880 -784 -16 ) (-880 -928 -16 ) (-880 -928 144 ) 
4 298 299 (-880 -928 144 ) (-880 -928 -16 ) (-768 -928 -16 ) (-768 -928 144 ) 
4 299 301 (-880 -960 144 ) (-880 -928 144 ) (-880 -928 -16 ) (-880 -960 -16 ) 
4 300 314 (-822.400000 -1056 144 ) (-880 -1056 144 ) (-880 -1056 -16 ) (-822.400000 -1056 -16 ) 
4 300 305 (-880 -1056 -16 ) (-880 -1056 144 ) (-880 -976 144 ) (-880 -976 -16 ) 
4 301 302 (-992 -784 -16 ) (-992 -960 -16 ) (-992 -960 144 ) (-992 -784 144 ) 
3 302 306 (-1056 -888 -16 ) (-1063.111111 -880 -16 ) (-1056 -880 -16 ) 
3 303 306 (-1056 -922.666667 -16 ) (-1072 -896 -16 ) (-1056 -908.800000 -16 ) 
4 303 305 (-1024 -976 -16 ) (-992 -976 -16 ) (-992 -976 144 ) (-1024 -976 144 ) 
4 303 304 (-1024 -976 -16 ) (-1024 -976 144 ) (-1072 -896 144 ) (-1072 -896 -16 ) 
4 304 321 (-1120 -816 -16 ) (-1120 -976 -16 ) (-1120 -976 144 ) (-1120 -816 144 ) 
5 304 306 (-1056 -976 -16 ) (-1120 -976 -16 ) (-1120 -880 -16 ) (-1081.600000 -880 -16 ) (-1056 -922.666667 -16 ) 
4 304 305 (-1120 -976 144 ) (-1120 -976 -16 ) (-1024 -976 -16 ) (-1024 -976 144 ) 
4 305 321 (-1120 -976 144 ) (-1120 -976 -16 ) (-1120 -1056 -16 ) (-1120 -1056 144 ) 
4 305 314 (-1056 -1056 -16 ) (-880 -1056 -16 ) (-880 -1056 144 ) (-1056 -1056 144 ) 
4 305 316 (-1120 -1056 144 ) (-1120 -1056 -16 ) (-1056 -1056 -16 ) (-1056 -1056 144 ) 
4 305 306 (-1056 -1056 -16 ) (-1120 -1056 -16 ) (-1120 -976 -16 ) (-1056 -976 -16 ) 
4 306 321 (-1120 -880 -32 ) (-1120 -1056 -32 ) (-1120 -1056 -16 ) (-1120 -880 -16 ) 
4 306 316 (-1120 -1056 -16 ) (-1120 -1056 -32 ) (-1056 -1056 -32 ) (-1056 -1056 -16 ) 
4 306 311 (-1120 -1056 -32 ) (-1120 -880 -32 ) (-1056 -880 -32 ) (-1056 -1056 -32 ) 
4 307 308 (-672 -544 -64 ) (-624 -544 -64 ) (-624 -768 -64 ) (-672 -768 -64 ) 
4 309 325 (-672 -784 -144 ) (-688 -784 -144 ) (-688 -768 -144 ) (-672 -768 -144 ) 
4 309 311 (-688 -784 -144 ) (-672 -784 -144 ) (-672 -784 -32 ) (-688 -784 -32 ) 
4 309 310 (-688 -768 -144 ) (-688 -784 -144 ) (-688 -784 -32 ) (-688 -768 -32 ) 
4 310 325 (-1120 -544 -144 ) (-688 -544 -144 ) (-688 -784 -144 ) (-1120 -784 -144 ) 
4 310 319 (-1120 -544 -32 ) (-1120 -544 -144 ) (-1120 -784 -144 ) (-1120 -784 -32 ) 
4 310 311 (-1120 -784 -144 ) (-688 -784 -144 ) (-688 -784 -32 ) (-1120 -784 -32 ) 
4 311 325 (-624 -784 -144 ) (-624 -1056 -144 ) (-1120 -1056 -144 ) (-1120 -784 -144 ) 
4 311 319 (-1120 -784 -144 ) (-1120 -816 -144 ) (-1120 -816 -32 ) (-1120 -784 -32 ) 
4 311 321 (-1120 -816 -144 ) (-1120 -1056 -144 ) (-1120 -1056 -32 ) (-1120 -816 -32 ) 
4 311 315 (-1056 -1056 -144 ) (-688 -1056 -144 ) (-688 -1056 -32 ) (-1056 -1056 -32 ) 
4 311 313 (-688 -1056 -144 ) (-624 -1056 -144 ) (-624 -1056 -32 ) (-688 -1056 -32 ) 
4 311 316 (-1120 -1056 -144 ) (-1056 -1056 -144 ) (-1056 -1056 -32 ) (-1120 -1056 -32 ) 
4 312 314 (-688 -1072 144 ) (-688 -1072 160 ) (-688 -1056 160 ) (-688 -1056 144 ) 
4 312 323 (-624 -1072 144 ) (-624 -1072 160 ) (-688 -1072 160 ) (-688 -1072 144 ) 
4 313 325 (-624 -1056 -144 ) (-624 -1072 -144 ) (-688 -1072 -144 ) (-688 -1056 -144 ) 
4 313 315 (-688 -1056 -144 ) (-688 -1072 -144 ) (-688 -1072 -32 ) (-688 -1056 -32 ) 
4 313 323 (-688 -1072 -144 ) (-624 -1072 -144 ) (-624 -1072 -32 ) (-688 -1072 -32 ) 
4 314 323 (-688 -1072 -16 ) (-688 -1072 160 ) (-1056 -1072 160 ) (-1056 -1072 -16 ) 
4 314 316 (-1056 -1056 160 ) (-1056 -1056 -16 ) (-1056 -1072 -16 ) (-1056 -1072 160 ) 
4 315 325 (-688 -1072 -144 ) (-1056 -1072 -144 ) (-1056 -1056 -144 ) (-688 -1056 -144 ) 
4 315 316 (-1056 -1056 -32 ) (-1056 -1056 -144 ) (-1056 -1072 -144 ) (-1056 -1072 -32 ) 
4 315 323 (-1056 -1072 -144 ) (-688 -1072 -144 ) (-688 -1072 -32 ) (-1056 -1072 -32 ) 
4 316 325 (-1056 -1072 -144 ) (-1120 -1072 -144 ) (-1120 -1056 -144 ) (-1056 -1056 -144 ) 
4 316 322 (-1120 -1072 160 ) (-1120 -1056 160 ) (-1120 -1056 -144 ) (-1120 -1072 -144 ) 
4 316 323 (-1120 -1072 -144 ) (-1056 -1072 -144 ) (-1056 -1072 160 ) (-1120 -1072 160 ) 
4 317 320 (-1488 -784 144 ) (-1488 -768 144 ) (-1136 -768 144 ) (-1136 -784 144 ) 
4 317 318 (-1488 -784 144 ) (-1152 -784 144 ) (-1152 -784 160 ) (-1488 -784 160 ) 
4 317 324 (-1488 -768 144 ) (-1488 -784 144 ) (-1488 -784 160 ) (-1488 -768 160 ) 
4 318 320 (-1488 -816 144 ) (-1488 -784 144 ) (-1152 -784 144 ) (-1152 -816 144 ) 
4 318 321 (-1488 -1056 144 ) (-1488 -816 144 ) (-1152 -816 144 ) (-1152 -1056 144 ) 
4 318 324 (-1488 -784 144 ) (-1488 -1056 144 ) (-1488 -1056 160 ) (-1488 -784 160 ) 
4 318 322 (-1488 -1056 160 ) (-1488 -1056 144 ) (-1152 -1056 144 ) (-1152 -1056 160 ) 
4 319 325 (-1136 -544 -144 ) (-1120 -544 -144 ) (-1120 -816 -144 ) (-1136 -816 -144 ) 
4 319 320 (-1136 -544 -16 ) (-1136 -544 -144 ) (-1136 -816 -144 ) (-1136 -816 -16 ) 
4 319 321 (-1136 -816 -144 ) (-1120 -816 -144 ) (-1120 -816 -16 ) (-1136 -816 -16 ) 
4 320 325 (-1488 -544 -144 ) (-1136 -544 -144 ) (-1136 -816 -144 ) (-1488 -816 -144 ) 
4 320 321 (-1488 -816 -144 ) (-1136 -816 -144 ) (-1136 -816 144 ) (-1488 -816 144 ) 
4 320 324 (-1488 -544 144 ) (-1488 -544 -144 ) (-1488 -816 -144 ) (-1488 -816 144 ) 
4 321 325 (-1120 -816 -144 ) (-1120 -1056 -144 ) (-1488 -1056 -144 ) (-1488 -816 -144 ) 
4 321 324 (-1488 -816 -144 ) (-1488 -1056 -144 ) (-1488 -1056 144 ) (-1488 -816 144 ) 
4 321 322 (-1488 -1056 144 ) (-1488 -1056 -144 ) (-1120 -1056 -144 ) (-1120 -1056 144 ) 
4 322 325 (-1120 -1056 -144 ) (-1120 -1072 -144 ) (-1488 -1072 -144 ) (-1488 -1056 -144 ) 
4 322 324 (-1488 -1056 -144 ) (-1488 -1072 -144 ) (-1488 -1072 160 ) (-1488 -1056 160 ) 
4 322 323 (-1488 -1072 -144 ) (-1120 -1072 -144 ) (-1120 -1072 160 ) (-1488 -1072 160 ) 
4 323 325 (-624 -1072 -144 ) (-624 -1168 -144 ) (-1488 -1168 -144 ) (-1488 -1072 -144 ) 
4 323 324 (-1488 -1168 -144 ) (-1488 -1168 336 ) (-1488 -1072 336 ) (-1488 -1072 -144 ) 
4 324 325 (-1600 -1168 -144 ) (-1600 -544 -144 ) (-1488 -544 -144 ) (-1488 -1168 -144 ) 
